<?xml version="1.0" encoding="UTF-8"?>
<testng-results skipped="17" failed="4" ignored="14" total="50" passed="15">
  <reporter-output>
  </reporter-output>
  <suite name="Sprint 2 Parallel Test Suite" duration-ms="199264" started-at="2021-08-24T04:11:56 EDT" finished-at="2021-08-24T04:15:15 EDT">
    <groups>
      <group name="smoke">
        <method signature="LoginTests.appHealthCheck()[pri:0, instance:tests.LoginTests@3d0f8e03]" name="appHealthCheck" class="tests.LoginTests"/>
        <method signature="LoginTests.loginWithInvalidPassword()[pri:0, instance:tests.LoginTests@3d0f8e03]" name="loginWithInvalidPassword" class="tests.LoginTests"/>
        <method signature="LoginTests.loginWithInvalidUsername()[pri:0, instance:tests.LoginTests@3d0f8e03]" name="loginWithInvalidUsername" class="tests.LoginTests"/>
        <method signature="LoginTests.loginWithNoCredentials()[pri:0, instance:tests.LoginTests@3d0f8e03]" name="loginWithNoCredentials" class="tests.LoginTests"/>
        <method signature="LoginTests.loginWithValidCredentials()[pri:0, instance:tests.LoginTests@3d0f8e03]" name="loginWithValidCredentials" class="tests.LoginTests"/>
        <method signature="SignUpTests.signUpWithFaker()[pri:0, instance:tests.SignUpTests@69379752]" name="signUpWithFaker" class="tests.SignUpTests"/>
        <method signature="SignUpTests.signUpWithWrongEmailInput()[pri:0, instance:tests.SignUpTests@69379752]" name="signUpWithWrongEmailInput" class="tests.SignUpTests"/>
        <method signature="SignUpTests.signUpWithoutData()[pri:0, instance:tests.SignUpTests@69379752]" name="signUpWithoutData" class="tests.SignUpTests"/>
      </group> <!-- smoke -->
    </groups>
    <test name="Sprint 2 Parallel Classes" duration-ms="199264" started-at="2021-08-24T04:11:56 EDT" finished-at="2021-08-24T04:15:15 EDT">
      <class name="tests.LoginTests">
        <test-method status="PASS" signature="setupMethod(java.lang.String,java.lang.reflect.Method)[pri:0, instance:tests.LoginTests@3d0f8e03]" name="setupMethod" is-config="true" duration-ms="10998" started-at="2021-08-24T04:11:56 EDT" finished-at="2021-08-24T04:12:07 EDT">
          <params>
            <param index="0">
              <value is-null="true"/>
            </param>
            <param index="1">
              <value>
                <![CDATA[public void tests.LoginTests.appHealthCheck()]]>
              </value>
            </param>
          </params>
          <reporter-output>
          </reporter-output>
        </test-method> <!-- setupMethod -->
        <test-method status="PASS" signature="appHealthCheck()[pri:0, instance:tests.LoginTests@3d0f8e03]" name="appHealthCheck" duration-ms="18" started-at="2021-08-24T04:12:07 EDT" finished-at="2021-08-24T04:12:07 EDT">
          <reporter-output>
          </reporter-output>
        </test-method> <!-- appHealthCheck -->
        <test-method status="PASS" signature="tearDownMethod(org.testng.ITestResult)[pri:0, instance:tests.LoginTests@3d0f8e03]" name="tearDownMethod" is-config="true" duration-ms="2339" started-at="2021-08-24T04:12:07 EDT" finished-at="2021-08-24T04:12:09 EDT">
          <params>
            <param index="0">
              <value>
                <![CDATA[[TestResult name=appHealthCheck status=SUCCESS method=LoginTests.appHealthCheck()[pri:0, instance:tests.LoginTests@3d0f8e03] output={null}]]]>
              </value>
            </param>
          </params>
          <reporter-output>
          </reporter-output>
        </test-method> <!-- tearDownMethod -->
        <test-method status="PASS" signature="setupMethod(java.lang.String,java.lang.reflect.Method)[pri:0, instance:tests.LoginTests@3d0f8e03]" name="setupMethod" is-config="true" duration-ms="5051" started-at="2021-08-24T04:12:09 EDT" finished-at="2021-08-24T04:12:14 EDT">
          <params>
            <param index="0">
              <value is-null="true"/>
            </param>
            <param index="1">
              <value>
                <![CDATA[public void tests.LoginTests.loginWithInvalidPassword()]]>
              </value>
            </param>
          </params>
          <reporter-output>
          </reporter-output>
        </test-method> <!-- setupMethod -->
        <test-method status="PASS" signature="loginWithInvalidPassword()[pri:0, instance:tests.LoginTests@3d0f8e03]" name="loginWithInvalidPassword" duration-ms="1769" started-at="2021-08-24T04:12:14 EDT" finished-at="2021-08-24T04:12:16 EDT">
          <reporter-output>
          </reporter-output>
        </test-method> <!-- loginWithInvalidPassword -->
        <test-method status="PASS" signature="tearDownMethod(org.testng.ITestResult)[pri:0, instance:tests.LoginTests@3d0f8e03]" name="tearDownMethod" is-config="true" duration-ms="1971" started-at="2021-08-24T04:12:16 EDT" finished-at="2021-08-24T04:12:18 EDT">
          <params>
            <param index="0">
              <value>
                <![CDATA[[TestResult name=loginWithInvalidPassword status=SUCCESS method=LoginTests.loginWithInvalidPassword()[pri:0, instance:tests.LoginTests@3d0f8e03] output={null}]]]>
              </value>
            </param>
          </params>
          <reporter-output>
          </reporter-output>
        </test-method> <!-- tearDownMethod -->
        <test-method status="PASS" signature="setupMethod(java.lang.String,java.lang.reflect.Method)[pri:0, instance:tests.LoginTests@3d0f8e03]" name="setupMethod" is-config="true" duration-ms="4399" started-at="2021-08-24T04:12:18 EDT" finished-at="2021-08-24T04:12:22 EDT">
          <params>
            <param index="0">
              <value is-null="true"/>
            </param>
            <param index="1">
              <value>
                <![CDATA[public void tests.LoginTests.loginWithInvalidUsername()]]>
              </value>
            </param>
          </params>
          <reporter-output>
          </reporter-output>
        </test-method> <!-- setupMethod -->
        <test-method status="PASS" signature="loginWithInvalidUsername()[pri:0, instance:tests.LoginTests@3d0f8e03]" name="loginWithInvalidUsername" duration-ms="4776" started-at="2021-08-24T04:12:22 EDT" finished-at="2021-08-24T04:12:27 EDT">
          <reporter-output>
          </reporter-output>
        </test-method> <!-- loginWithInvalidUsername -->
        <test-method status="PASS" signature="tearDownMethod(org.testng.ITestResult)[pri:0, instance:tests.LoginTests@3d0f8e03]" name="tearDownMethod" is-config="true" duration-ms="6123" started-at="2021-08-24T04:12:27 EDT" finished-at="2021-08-24T04:12:33 EDT">
          <params>
            <param index="0">
              <value>
                <![CDATA[[TestResult name=loginWithInvalidUsername status=SUCCESS method=LoginTests.loginWithInvalidUsername()[pri:0, instance:tests.LoginTests@3d0f8e03] output={null}]]]>
              </value>
            </param>
          </params>
          <reporter-output>
          </reporter-output>
        </test-method> <!-- tearDownMethod -->
        <test-method status="PASS" signature="setupMethod(java.lang.String,java.lang.reflect.Method)[pri:0, instance:tests.LoginTests@3d0f8e03]" name="setupMethod" is-config="true" duration-ms="3854" started-at="2021-08-24T04:12:33 EDT" finished-at="2021-08-24T04:12:37 EDT">
          <params>
            <param index="0">
              <value is-null="true"/>
            </param>
            <param index="1">
              <value>
                <![CDATA[public void tests.LoginTests.loginWithNoCredentials()]]>
              </value>
            </param>
          </params>
          <reporter-output>
          </reporter-output>
        </test-method> <!-- setupMethod -->
        <test-method status="PASS" signature="loginWithNoCredentials()[pri:0, instance:tests.LoginTests@3d0f8e03]" name="loginWithNoCredentials" duration-ms="529" started-at="2021-08-24T04:12:37 EDT" finished-at="2021-08-24T04:12:37 EDT">
          <reporter-output>
          </reporter-output>
        </test-method> <!-- loginWithNoCredentials -->
        <test-method status="PASS" signature="tearDownMethod(org.testng.ITestResult)[pri:0, instance:tests.LoginTests@3d0f8e03]" name="tearDownMethod" is-config="true" duration-ms="1885" started-at="2021-08-24T04:12:37 EDT" finished-at="2021-08-24T04:12:39 EDT">
          <params>
            <param index="0">
              <value>
                <![CDATA[[TestResult name=loginWithNoCredentials status=SUCCESS method=LoginTests.loginWithNoCredentials()[pri:0, instance:tests.LoginTests@3d0f8e03] output={null}]]]>
              </value>
            </param>
          </params>
          <reporter-output>
          </reporter-output>
        </test-method> <!-- tearDownMethod -->
        <test-method status="PASS" signature="setupMethod(java.lang.String,java.lang.reflect.Method)[pri:0, instance:tests.LoginTests@3d0f8e03]" name="setupMethod" is-config="true" duration-ms="2394" started-at="2021-08-24T04:12:39 EDT" finished-at="2021-08-24T04:12:42 EDT">
          <params>
            <param index="0">
              <value is-null="true"/>
            </param>
            <param index="1">
              <value>
                <![CDATA[public void tests.LoginTests.loginWithValidCredentials()]]>
              </value>
            </param>
          </params>
          <reporter-output>
          </reporter-output>
        </test-method> <!-- setupMethod -->
        <test-method status="PASS" signature="loginWithValidCredentials()[pri:0, instance:tests.LoginTests@3d0f8e03]" name="loginWithValidCredentials" duration-ms="1473" started-at="2021-08-24T04:12:42 EDT" finished-at="2021-08-24T04:12:43 EDT">
          <reporter-output>
          </reporter-output>
        </test-method> <!-- loginWithValidCredentials -->
        <test-method status="PASS" signature="tearDownMethod(org.testng.ITestResult)[pri:0, instance:tests.LoginTests@3d0f8e03]" name="tearDownMethod" is-config="true" duration-ms="1237" started-at="2021-08-24T04:12:43 EDT" finished-at="2021-08-24T04:12:44 EDT">
          <params>
            <param index="0">
              <value>
                <![CDATA[[TestResult name=loginWithValidCredentials status=SUCCESS method=LoginTests.loginWithValidCredentials()[pri:0, instance:tests.LoginTests@3d0f8e03] output={null}]]]>
              </value>
            </param>
          </params>
          <reporter-output>
          </reporter-output>
        </test-method> <!-- tearDownMethod -->
      </class> <!-- tests.LoginTests -->
      <class name="tests.SignUpTests">
        <test-method status="PASS" signature="setupMethod(java.lang.String,java.lang.reflect.Method)[pri:0, instance:tests.SignUpTests@69379752]" name="setupMethod" is-config="true" duration-ms="6865" started-at="2021-08-24T04:11:56 EDT" finished-at="2021-08-24T04:12:03 EDT">
          <params>
            <param index="0">
              <value is-null="true"/>
            </param>
            <param index="1">
              <value>
                <![CDATA[public void tests.SignUpTests.signUpWithFaker()]]>
              </value>
            </param>
          </params>
          <reporter-output>
          </reporter-output>
        </test-method> <!-- setupMethod -->
        <test-method status="PASS" signature="setupMethod()[pri:0, instance:tests.SignUpTests@69379752]" name="setupMethod" is-config="true" duration-ms="7341" started-at="2021-08-24T04:12:03 EDT" finished-at="2021-08-24T04:12:10 EDT">
          <reporter-output>
          </reporter-output>
        </test-method> <!-- setupMethod -->
        <test-method status="PASS" signature="signUpWithFaker()[pri:0, instance:tests.SignUpTests@69379752]" name="signUpWithFaker" duration-ms="9131" started-at="2021-08-24T04:12:10 EDT" finished-at="2021-08-24T04:12:19 EDT">
          <reporter-output>
          </reporter-output>
        </test-method> <!-- signUpWithFaker -->
        <test-method status="PASS" signature="tearDownMethod(org.testng.ITestResult)[pri:0, instance:tests.SignUpTests@69379752]" name="tearDownMethod" is-config="true" duration-ms="5721" started-at="2021-08-24T04:12:19 EDT" finished-at="2021-08-24T04:12:25 EDT">
          <params>
            <param index="0">
              <value>
                <![CDATA[[TestResult name=signUpWithFaker status=SUCCESS method=SignUpTests.signUpWithFaker()[pri:0, instance:tests.SignUpTests@69379752] output={null}]]]>
              </value>
            </param>
          </params>
          <reporter-output>
          </reporter-output>
        </test-method> <!-- tearDownMethod -->
        <test-method status="PASS" signature="setupMethod(java.lang.String,java.lang.reflect.Method)[pri:0, instance:tests.SignUpTests@69379752]" name="setupMethod" is-config="true" duration-ms="6724" started-at="2021-08-24T04:12:25 EDT" finished-at="2021-08-24T04:12:31 EDT">
          <params>
            <param index="0">
              <value is-null="true"/>
            </param>
            <param index="1">
              <value>
                <![CDATA[public void tests.SignUpTests.signUpWithWrongEmailInput()]]>
              </value>
            </param>
          </params>
          <reporter-output>
          </reporter-output>
        </test-method> <!-- setupMethod -->
        <test-method status="PASS" signature="setupMethod()[pri:0, instance:tests.SignUpTests@69379752]" name="setupMethod" is-config="true" duration-ms="4954" started-at="2021-08-24T04:12:31 EDT" finished-at="2021-08-24T04:12:36 EDT">
          <reporter-output>
          </reporter-output>
        </test-method> <!-- setupMethod -->
        <test-method status="PASS" signature="signUpWithWrongEmailInput()[pri:0, instance:tests.SignUpTests@69379752]" name="signUpWithWrongEmailInput" duration-ms="1492" started-at="2021-08-24T04:12:36 EDT" finished-at="2021-08-24T04:12:38 EDT">
          <reporter-output>
          </reporter-output>
        </test-method> <!-- signUpWithWrongEmailInput -->
        <test-method status="PASS" signature="tearDownMethod(org.testng.ITestResult)[pri:0, instance:tests.SignUpTests@69379752]" name="tearDownMethod" is-config="true" duration-ms="4530" started-at="2021-08-24T04:12:38 EDT" finished-at="2021-08-24T04:12:42 EDT">
          <params>
            <param index="0">
              <value>
                <![CDATA[[TestResult name=signUpWithWrongEmailInput status=SUCCESS method=SignUpTests.signUpWithWrongEmailInput()[pri:0, instance:tests.SignUpTests@69379752] output={null}]]]>
              </value>
            </param>
          </params>
          <reporter-output>
          </reporter-output>
        </test-method> <!-- tearDownMethod -->
        <test-method status="PASS" signature="setupMethod(java.lang.String,java.lang.reflect.Method)[pri:0, instance:tests.SignUpTests@69379752]" name="setupMethod" is-config="true" duration-ms="1988" started-at="2021-08-24T04:12:42 EDT" finished-at="2021-08-24T04:12:44 EDT">
          <params>
            <param index="0">
              <value is-null="true"/>
            </param>
            <param index="1">
              <value>
                <![CDATA[public void tests.SignUpTests.signUpWithoutData()]]>
              </value>
            </param>
          </params>
          <reporter-output>
          </reporter-output>
        </test-method> <!-- setupMethod -->
        <test-method status="PASS" signature="setupMethod()[pri:0, instance:tests.SignUpTests@69379752]" name="setupMethod" is-config="true" duration-ms="2673" started-at="2021-08-24T04:12:44 EDT" finished-at="2021-08-24T04:12:47 EDT">
          <reporter-output>
          </reporter-output>
        </test-method> <!-- setupMethod -->
        <test-method status="PASS" signature="signUpWithoutData()[pri:0, instance:tests.SignUpTests@69379752]" name="signUpWithoutData" duration-ms="6979" started-at="2021-08-24T04:12:47 EDT" finished-at="2021-08-24T04:12:54 EDT">
          <reporter-output>
          </reporter-output>
        </test-method> <!-- signUpWithoutData -->
        <test-method status="PASS" signature="tearDownMethod(org.testng.ITestResult)[pri:0, instance:tests.SignUpTests@69379752]" name="tearDownMethod" is-config="true" duration-ms="2124" started-at="2021-08-24T04:12:54 EDT" finished-at="2021-08-24T04:12:56 EDT">
          <params>
            <param index="0">
              <value>
                <![CDATA[[TestResult name=signUpWithoutData status=SUCCESS method=SignUpTests.signUpWithoutData()[pri:0, instance:tests.SignUpTests@69379752] output={null}]]]>
              </value>
            </param>
          </params>
          <reporter-output>
          </reporter-output>
        </test-method> <!-- tearDownMethod -->
      </class> <!-- tests.SignUpTests -->
      <class name="tests.PersonalInformationTests">
        <test-method status="PASS" signature="setupMethod(java.lang.String,java.lang.reflect.Method)[pri:0, instance:tests.PersonalInformationTests@6366ebe0]" name="setupMethod" is-config="true" duration-ms="9628" started-at="2021-08-24T04:11:56 EDT" finished-at="2021-08-24T04:12:05 EDT">
          <params>
            <param index="0">
              <value is-null="true"/>
            </param>
            <param index="1">
              <value>
                <![CDATA[public void tests.PersonalInformationTests.verifyEmailFieldWithInvalidEmailAddress(java.lang.String,java.lang.String,java.lang.String,java.lang.String,java.lang.String,java.lang.String,java.lang.String,java.lang.String)]]>
              </value>
            </param>
          </params>
          <reporter-output>
          </reporter-output>
        </test-method> <!-- setupMethod -->
        <test-method status="PASS" signature="loginSetup()[pri:0, instance:tests.PersonalInformationTests@6366ebe0]" name="loginSetup" is-config="true" duration-ms="15214" started-at="2021-08-24T04:12:05 EDT" finished-at="2021-08-24T04:12:20 EDT">
          <reporter-output>
          </reporter-output>
        </test-method> <!-- loginSetup -->
        <test-method status="PASS" signature="verifyEmailFieldWithInvalidEmailAddress(java.lang.String,java.lang.String,java.lang.String,java.lang.String,java.lang.String,java.lang.String,java.lang.String,java.lang.String)[pri:0, instance:tests.PersonalInformationTests@6366ebe0]" name="verifyEmailFieldWithInvalidEmailAddress" duration-ms="4777" started-at="2021-08-24T04:12:20 EDT" data-provider="fromCsvFile3" finished-at="2021-08-24T04:12:25 EDT">
          <params>
            <param index="0">
              <value>
                <![CDATA[Jeremie]]>
              </value>
            </param>
            <param index="1">
              <value>
                <![CDATA[Britte]]>
              </value>
            </param>
            <param index="2">
              <value>
                <![CDATA[Vivians]]>
              </value>
            </param>
            <param index="3">
              <value>
                <![CDATA[gmail.com]]>
              </value>
            </param>
            <param index="4">
              <value>
                <![CDATA[12/08/1980]]>
              </value>
            </param>
            <param index="5">
              <value>
                <![CDATA[525-13-6745]]>
              </value>
            </param>
            <param index="6">
              <value>
                <![CDATA[825-706-8697]]>
              </value>
            </param>
            <param index="7">
              <value>
                <![CDATA[184-796-5750]]>
              </value>
            </param>
          </params>
          <reporter-output>
          </reporter-output>
        </test-method> <!-- verifyEmailFieldWithInvalidEmailAddress -->
        <test-method status="PASS" signature="tearDownMethod(org.testng.ITestResult)[pri:0, instance:tests.PersonalInformationTests@6366ebe0]" name="tearDownMethod" is-config="true" duration-ms="2208" started-at="2021-08-24T04:12:25 EDT" finished-at="2021-08-24T04:12:27 EDT">
          <params>
            <param index="0">
              <value>
                <![CDATA[[TestResult name=verifyEmailFieldWithInvalidEmailAddress status=SUCCESS method=PersonalInformationTests.verifyEmailFieldWithInvalidEmailAddress(java.lang.String,java.lang.String,java.lang.String,java.lang.String,java.lang.String,java.lang.String,java.lang.String,java.lang.String)[pri:0, instance:tests.PersonalInformationTests@6366ebe0] output={null}]]]>
              </value>
            </param>
          </params>
          <reporter-output>
          </reporter-output>
        </test-method> <!-- tearDownMethod -->
        <test-method status="PASS" signature="setupMethod(java.lang.String,java.lang.reflect.Method)[pri:0, instance:tests.PersonalInformationTests@6366ebe0]" name="setupMethod" is-config="true" duration-ms="2281" started-at="2021-08-24T04:12:27 EDT" finished-at="2021-08-24T04:12:30 EDT">
          <params>
            <param index="0">
              <value is-null="true"/>
            </param>
            <param index="1">
              <value>
                <![CDATA[public void tests.PersonalInformationTests.verifyEmailFieldWithInvalidEmailAddress(java.lang.String,java.lang.String,java.lang.String,java.lang.String,java.lang.String,java.lang.String,java.lang.String,java.lang.String)]]>
              </value>
            </param>
          </params>
          <reporter-output>
          </reporter-output>
        </test-method> <!-- setupMethod -->
        <test-method status="FAIL" signature="loginSetup()[pri:0, instance:tests.PersonalInformationTests@6366ebe0]" name="loginSetup" is-config="true" duration-ms="14742" started-at="2021-08-24T04:12:30 EDT" finished-at="2021-08-24T04:12:44 EDT">
          <exception class="org.openqa.selenium.NoSuchElementException">
            <message>
              <![CDATA[no such element: Unable to locate element: {"method":"xpath","selector":"//*[@id='realtor1']"}
  (Session info: chrome=92.0.4515.159)
For documentation on this error, please visit: https://www.seleniumhq.org/exceptions/no_such_element.html
Build info: version: '3.141.59', revision: 'e82be7d358', time: '2018-11-14T08:17:03'
System info: host: 'DESKTOP-P8JIU9Q', ip: '192.168.1.158', os.name: 'Windows 10', os.arch: 'amd64', os.version: '10.0', java.version: '1.8.0_281'
Driver info: org.openqa.selenium.chrome.ChromeDriver
Capabilities {acceptInsecureCerts: false, browserName: chrome, browserVersion: 92.0.4515.159, chrome: {chromedriverVersion: 92.0.4515.107 (87a818b10553..., userDataDir: C:\Users\parvi\AppData\Loca...}, goog:chromeOptions: {debuggerAddress: localhost:51806}, javascriptEnabled: true, networkConnectionEnabled: false, pageLoadStrategy: normal, platform: WINDOWS, platformName: WINDOWS, proxy: Proxy(), setWindowRect: true, strictFileInteractability: false, timeouts: {implicit: 0, pageLoad: 300000, script: 30000}, unhandledPromptBehavior: dismiss and notify, webauthn:extension:credBlob: true, webauthn:extension:largeBlob: true, webauthn:virtualAuthenticators: true}
Session ID: 9172d8e6ab1849211e8b163d890e5c03
*** Element info: {Using=xpath, value=//*[@id='realtor1']}]]>
            </message>
            <full-stacktrace>
              <![CDATA[org.openqa.selenium.NoSuchElementException: no such element: Unable to locate element: {"method":"xpath","selector":"//*[@id='realtor1']"}
  (Session info: chrome=92.0.4515.159)
For documentation on this error, please visit: https://www.seleniumhq.org/exceptions/no_such_element.html
Build info: version: '3.141.59', revision: 'e82be7d358', time: '2018-11-14T08:17:03'
System info: host: 'DESKTOP-P8JIU9Q', ip: '192.168.1.158', os.name: 'Windows 10', os.arch: 'amd64', os.version: '10.0', java.version: '1.8.0_281'
Driver info: org.openqa.selenium.chrome.ChromeDriver
Capabilities {acceptInsecureCerts: false, browserName: chrome, browserVersion: 92.0.4515.159, chrome: {chromedriverVersion: 92.0.4515.107 (87a818b10553..., userDataDir: C:\Users\parvi\AppData\Loca...}, goog:chromeOptions: {debuggerAddress: localhost:51806}, javascriptEnabled: true, networkConnectionEnabled: false, pageLoadStrategy: normal, platform: WINDOWS, platformName: WINDOWS, proxy: Proxy(), setWindowRect: true, strictFileInteractability: false, timeouts: {implicit: 0, pageLoad: 300000, script: 30000}, unhandledPromptBehavior: dismiss and notify, webauthn:extension:credBlob: true, webauthn:extension:largeBlob: true, webauthn:virtualAuthenticators: true}
Session ID: 9172d8e6ab1849211e8b163d890e5c03
*** Element info: {Using=xpath, value=//*[@id='realtor1']}
at sun.reflect.NativeConstructorAccessorImpl.newInstance0(Native Method)
at sun.reflect.NativeConstructorAccessorImpl.newInstance(NativeConstructorAccessorImpl.java:62)
at sun.reflect.DelegatingConstructorAccessorImpl.newInstance(DelegatingConstructorAccessorImpl.java:45)
at java.lang.reflect.Constructor.newInstance(Constructor.java:423)
at org.openqa.selenium.remote.http.W3CHttpResponseCodec.createException(W3CHttpResponseCodec.java:187)
at org.openqa.selenium.remote.http.W3CHttpResponseCodec.decode(W3CHttpResponseCodec.java:122)
at org.openqa.selenium.remote.http.W3CHttpResponseCodec.decode(W3CHttpResponseCodec.java:49)
at org.openqa.selenium.remote.HttpCommandExecutor.execute(HttpCommandExecutor.java:158)
at org.openqa.selenium.remote.service.DriverCommandExecutor.execute(DriverCommandExecutor.java:83)
at org.openqa.selenium.remote.RemoteWebDriver.execute(RemoteWebDriver.java:552)
at org.openqa.selenium.remote.RemoteWebDriver.findElement(RemoteWebDriver.java:323)
at org.openqa.selenium.remote.RemoteWebDriver.findElementByXPath(RemoteWebDriver.java:428)
at org.openqa.selenium.By$ByXPath.findElement(By.java:353)
at org.openqa.selenium.remote.RemoteWebDriver.findElement(RemoteWebDriver.java:315)
at org.openqa.selenium.support.pagefactory.DefaultElementLocator.findElement(DefaultElementLocator.java:69)
at org.openqa.selenium.support.pagefactory.internal.LocatingElementHandler.invoke(LocatingElementHandler.java:38)
at com.sun.proxy.$Proxy14.isSelected(Unknown Source)
at tests.PreApprovalDetailsTests.positiveTestPreApprovalDetails(PreApprovalDetailsTests.java:34)
at tests.PersonalInformationTests.loginSetup(PersonalInformationTests.java:31)
at sun.reflect.NativeMethodAccessorImpl.invoke0(Native Method)
at sun.reflect.NativeMethodAccessorImpl.invoke(NativeMethodAccessorImpl.java:62)
at sun.reflect.DelegatingMethodAccessorImpl.invoke(DelegatingMethodAccessorImpl.java:43)
at java.lang.reflect.Method.invoke(Method.java:498)
at org.testng.internal.MethodInvocationHelper.invokeMethod(MethodInvocationHelper.java:133)
at org.testng.internal.MethodInvocationHelper.invokeMethodConsideringTimeout(MethodInvocationHelper.java:62)
at org.testng.internal.ConfigInvoker.invokeConfigurationMethod(ConfigInvoker.java:385)
at org.testng.internal.ConfigInvoker.invokeConfigurations(ConfigInvoker.java:321)
at org.testng.internal.TestInvoker.runConfigMethods(TestInvoker.java:700)
at org.testng.internal.TestInvoker.invokeMethod(TestInvoker.java:527)
at org.testng.internal.TestInvoker.invokeTestMethod(TestInvoker.java:173)
at org.testng.internal.MethodRunner.runInSequence(MethodRunner.java:46)
at org.testng.internal.TestInvoker$MethodInvocationAgent.invoke(TestInvoker.java:824)
at org.testng.internal.TestInvoker.invokeTestMethods(TestInvoker.java:146)
at org.testng.internal.TestMethodWorker.invokeTestMethods(TestMethodWorker.java:146)
at org.testng.internal.TestMethodWorker.run(TestMethodWorker.java:128)
at java.util.concurrent.ThreadPoolExecutor.runWorker(ThreadPoolExecutor.java:1149)
at java.util.concurrent.ThreadPoolExecutor$Worker.run(ThreadPoolExecutor.java:624)
at java.lang.Thread.run(Thread.java:748)
]]>
            </full-stacktrace>
          </exception> <!-- org.openqa.selenium.NoSuchElementException -->
          <reporter-output>
          </reporter-output>
        </test-method> <!-- loginSetup -->
        <test-method status="PASS" signature="tearDownMethod(org.testng.ITestResult)[pri:0, instance:tests.PersonalInformationTests@6366ebe0]" name="tearDownMethod" is-config="true" duration-ms="2278" started-at="2021-08-24T04:12:44 EDT" finished-at="2021-08-24T04:12:47 EDT">
          <params>
            <param index="0">
              <value>
                <![CDATA[[TestResult name={null} status=CREATED method=PersonalInformationTests.verifyEmailFieldWithInvalidEmailAddress(java.lang.String,java.lang.String,java.lang.String,java.lang.String,java.lang.String,java.lang.String,java.lang.String,java.lang.String)[pri:0, instance:tests.PersonalInformationTests@6366ebe0] output={null}]]]>
              </value>
            </param>
          </params>
          <reporter-output>
          </reporter-output>
        </test-method> <!-- tearDownMethod -->
        <test-method status="SKIP" signature="verifyEmailFieldWithInvalidEmailAddress(java.lang.String,java.lang.String,java.lang.String,java.lang.String,java.lang.String,java.lang.String,java.lang.String,java.lang.String)[pri:0, instance:tests.PersonalInformationTests@6366ebe0]" name="verifyEmailFieldWithInvalidEmailAddress" duration-ms="0" started-at="2021-08-24T04:12:44 EDT" data-provider="fromCsvFile3" finished-at="2021-08-24T04:12:44 EDT">
          <params>
            <param index="0">
              <value>
                <![CDATA[Jeremie]]>
              </value>
            </param>
            <param index="1">
              <value>
                <![CDATA[Britte]]>
              </value>
            </param>
            <param index="2">
              <value>
                <![CDATA[Vivians]]>
              </value>
            </param>
            <param index="3">
              <value>
                <![CDATA[bv@ivi@ans0gmail.com]]>
              </value>
            </param>
            <param index="4">
              <value>
                <![CDATA[12/08/1980]]>
              </value>
            </param>
            <param index="5">
              <value>
                <![CDATA[525-13-6745]]>
              </value>
            </param>
            <param index="6">
              <value>
                <![CDATA[825-706-8697]]>
              </value>
            </param>
            <param index="7">
              <value>
                <![CDATA[184-796-5750]]>
              </value>
            </param>
          </params>
          <exception class="org.openqa.selenium.NoSuchElementException">
            <message>
              <![CDATA[no such element: Unable to locate element: {"method":"xpath","selector":"//*[@id='realtor1']"}
  (Session info: chrome=92.0.4515.159)
For documentation on this error, please visit: https://www.seleniumhq.org/exceptions/no_such_element.html
Build info: version: '3.141.59', revision: 'e82be7d358', time: '2018-11-14T08:17:03'
System info: host: 'DESKTOP-P8JIU9Q', ip: '192.168.1.158', os.name: 'Windows 10', os.arch: 'amd64', os.version: '10.0', java.version: '1.8.0_281'
Driver info: org.openqa.selenium.chrome.ChromeDriver
Capabilities {acceptInsecureCerts: false, browserName: chrome, browserVersion: 92.0.4515.159, chrome: {chromedriverVersion: 92.0.4515.107 (87a818b10553..., userDataDir: C:\Users\parvi\AppData\Loca...}, goog:chromeOptions: {debuggerAddress: localhost:51806}, javascriptEnabled: true, networkConnectionEnabled: false, pageLoadStrategy: normal, platform: WINDOWS, platformName: WINDOWS, proxy: Proxy(), setWindowRect: true, strictFileInteractability: false, timeouts: {implicit: 0, pageLoad: 300000, script: 30000}, unhandledPromptBehavior: dismiss and notify, webauthn:extension:credBlob: true, webauthn:extension:largeBlob: true, webauthn:virtualAuthenticators: true}
Session ID: 9172d8e6ab1849211e8b163d890e5c03
*** Element info: {Using=xpath, value=//*[@id='realtor1']}]]>
            </message>
            <full-stacktrace>
              <![CDATA[org.openqa.selenium.NoSuchElementException: no such element: Unable to locate element: {"method":"xpath","selector":"//*[@id='realtor1']"}
  (Session info: chrome=92.0.4515.159)
For documentation on this error, please visit: https://www.seleniumhq.org/exceptions/no_such_element.html
Build info: version: '3.141.59', revision: 'e82be7d358', time: '2018-11-14T08:17:03'
System info: host: 'DESKTOP-P8JIU9Q', ip: '192.168.1.158', os.name: 'Windows 10', os.arch: 'amd64', os.version: '10.0', java.version: '1.8.0_281'
Driver info: org.openqa.selenium.chrome.ChromeDriver
Capabilities {acceptInsecureCerts: false, browserName: chrome, browserVersion: 92.0.4515.159, chrome: {chromedriverVersion: 92.0.4515.107 (87a818b10553..., userDataDir: C:\Users\parvi\AppData\Loca...}, goog:chromeOptions: {debuggerAddress: localhost:51806}, javascriptEnabled: true, networkConnectionEnabled: false, pageLoadStrategy: normal, platform: WINDOWS, platformName: WINDOWS, proxy: Proxy(), setWindowRect: true, strictFileInteractability: false, timeouts: {implicit: 0, pageLoad: 300000, script: 30000}, unhandledPromptBehavior: dismiss and notify, webauthn:extension:credBlob: true, webauthn:extension:largeBlob: true, webauthn:virtualAuthenticators: true}
Session ID: 9172d8e6ab1849211e8b163d890e5c03
*** Element info: {Using=xpath, value=//*[@id='realtor1']}
at sun.reflect.NativeConstructorAccessorImpl.newInstance0(Native Method)
at sun.reflect.NativeConstructorAccessorImpl.newInstance(NativeConstructorAccessorImpl.java:62)
at sun.reflect.DelegatingConstructorAccessorImpl.newInstance(DelegatingConstructorAccessorImpl.java:45)
at java.lang.reflect.Constructor.newInstance(Constructor.java:423)
at org.openqa.selenium.remote.http.W3CHttpResponseCodec.createException(W3CHttpResponseCodec.java:187)
at org.openqa.selenium.remote.http.W3CHttpResponseCodec.decode(W3CHttpResponseCodec.java:122)
at org.openqa.selenium.remote.http.W3CHttpResponseCodec.decode(W3CHttpResponseCodec.java:49)
at org.openqa.selenium.remote.HttpCommandExecutor.execute(HttpCommandExecutor.java:158)
at org.openqa.selenium.remote.service.DriverCommandExecutor.execute(DriverCommandExecutor.java:83)
at org.openqa.selenium.remote.RemoteWebDriver.execute(RemoteWebDriver.java:552)
at org.openqa.selenium.remote.RemoteWebDriver.findElement(RemoteWebDriver.java:323)
at org.openqa.selenium.remote.RemoteWebDriver.findElementByXPath(RemoteWebDriver.java:428)
at org.openqa.selenium.By$ByXPath.findElement(By.java:353)
at org.openqa.selenium.remote.RemoteWebDriver.findElement(RemoteWebDriver.java:315)
at org.openqa.selenium.support.pagefactory.DefaultElementLocator.findElement(DefaultElementLocator.java:69)
at org.openqa.selenium.support.pagefactory.internal.LocatingElementHandler.invoke(LocatingElementHandler.java:38)
at com.sun.proxy.$Proxy14.isSelected(Unknown Source)
at tests.PreApprovalDetailsTests.positiveTestPreApprovalDetails(PreApprovalDetailsTests.java:34)
at tests.PersonalInformationTests.loginSetup(PersonalInformationTests.java:31)
at sun.reflect.NativeMethodAccessorImpl.invoke0(Native Method)
at sun.reflect.NativeMethodAccessorImpl.invoke(NativeMethodAccessorImpl.java:62)
at sun.reflect.DelegatingMethodAccessorImpl.invoke(DelegatingMethodAccessorImpl.java:43)
at java.lang.reflect.Method.invoke(Method.java:498)
at org.testng.internal.MethodInvocationHelper.invokeMethod(MethodInvocationHelper.java:133)
at org.testng.internal.MethodInvocationHelper.invokeMethodConsideringTimeout(MethodInvocationHelper.java:62)
at org.testng.internal.ConfigInvoker.invokeConfigurationMethod(ConfigInvoker.java:385)
at org.testng.internal.ConfigInvoker.invokeConfigurations(ConfigInvoker.java:321)
at org.testng.internal.TestInvoker.runConfigMethods(TestInvoker.java:700)
at org.testng.internal.TestInvoker.invokeMethod(TestInvoker.java:527)
at org.testng.internal.TestInvoker.invokeTestMethod(TestInvoker.java:173)
at org.testng.internal.MethodRunner.runInSequence(MethodRunner.java:46)
at org.testng.internal.TestInvoker$MethodInvocationAgent.invoke(TestInvoker.java:824)
at org.testng.internal.TestInvoker.invokeTestMethods(TestInvoker.java:146)
at org.testng.internal.TestMethodWorker.invokeTestMethods(TestMethodWorker.java:146)
at org.testng.internal.TestMethodWorker.run(TestMethodWorker.java:128)
at java.util.concurrent.ThreadPoolExecutor.runWorker(ThreadPoolExecutor.java:1149)
at java.util.concurrent.ThreadPoolExecutor$Worker.run(ThreadPoolExecutor.java:624)
at java.lang.Thread.run(Thread.java:748)
]]>
            </full-stacktrace>
          </exception> <!-- org.openqa.selenium.NoSuchElementException -->
          <reporter-output>
          </reporter-output>
        </test-method> <!-- verifyEmailFieldWithInvalidEmailAddress -->
        <test-method status="PASS" signature="setupMethod(java.lang.String,java.lang.reflect.Method)[pri:0, instance:tests.PersonalInformationTests@6366ebe0]" name="setupMethod" is-config="true" duration-ms="8927" started-at="2021-08-24T04:12:47 EDT" finished-at="2021-08-24T04:12:56 EDT">
          <params>
            <param index="0">
              <value is-null="true"/>
            </param>
            <param index="1">
              <value>
                <![CDATA[public void tests.PersonalInformationTests.verifyEmailFieldWithInvalidEmailAddress(java.lang.String,java.lang.String,java.lang.String,java.lang.String,java.lang.String,java.lang.String,java.lang.String,java.lang.String)]]>
              </value>
            </param>
          </params>
          <reporter-output>
          </reporter-output>
        </test-method> <!-- setupMethod -->
        <test-method status="PASS" signature="loginSetup()[pri:0, instance:tests.PersonalInformationTests@6366ebe0]" name="loginSetup" is-config="true" duration-ms="9130" started-at="2021-08-24T04:12:56 EDT" finished-at="2021-08-24T04:13:05 EDT">
          <reporter-output>
          </reporter-output>
        </test-method> <!-- loginSetup -->
        <test-method status="SKIP" signature="verifyEmailFieldWithInvalidEmailAddress(java.lang.String,java.lang.String,java.lang.String,java.lang.String,java.lang.String,java.lang.String,java.lang.String,java.lang.String)[pri:0, instance:tests.PersonalInformationTests@6366ebe0]" name="verifyEmailFieldWithInvalidEmailAddress" duration-ms="0" started-at="2021-08-24T04:13:05 EDT" data-provider="fromCsvFile3" finished-at="2021-08-24T04:13:05 EDT">
          <params>
            <param index="0">
              <value>
                <![CDATA[Jeremie]]>
              </value>
            </param>
            <param index="1">
              <value>
                <![CDATA[Britte]]>
              </value>
            </param>
            <param index="2">
              <value>
                <![CDATA[Vivians]]>
              </value>
            </param>
            <param index="3">
              <value>
                <![CDATA[bvivians]]>
              </value>
            </param>
            <param index="4">
              <value>
                <![CDATA[12/08/1980]]>
              </value>
            </param>
            <param index="5">
              <value>
                <![CDATA[525-13-6745]]>
              </value>
            </param>
            <param index="6">
              <value>
                <![CDATA[825-706-8697]]>
              </value>
            </param>
            <param index="7">
              <value>
                <![CDATA[184-796-5750]]>
              </value>
            </param>
          </params>
          <exception class="org.openqa.selenium.NoSuchElementException">
            <message>
              <![CDATA[no such element: Unable to locate element: {"method":"xpath","selector":"//*[@id='realtor1']"}
  (Session info: chrome=92.0.4515.159)
For documentation on this error, please visit: https://www.seleniumhq.org/exceptions/no_such_element.html
Build info: version: '3.141.59', revision: 'e82be7d358', time: '2018-11-14T08:17:03'
System info: host: 'DESKTOP-P8JIU9Q', ip: '192.168.1.158', os.name: 'Windows 10', os.arch: 'amd64', os.version: '10.0', java.version: '1.8.0_281'
Driver info: org.openqa.selenium.chrome.ChromeDriver
Capabilities {acceptInsecureCerts: false, browserName: chrome, browserVersion: 92.0.4515.159, chrome: {chromedriverVersion: 92.0.4515.107 (87a818b10553..., userDataDir: C:\Users\parvi\AppData\Loca...}, goog:chromeOptions: {debuggerAddress: localhost:51806}, javascriptEnabled: true, networkConnectionEnabled: false, pageLoadStrategy: normal, platform: WINDOWS, platformName: WINDOWS, proxy: Proxy(), setWindowRect: true, strictFileInteractability: false, timeouts: {implicit: 0, pageLoad: 300000, script: 30000}, unhandledPromptBehavior: dismiss and notify, webauthn:extension:credBlob: true, webauthn:extension:largeBlob: true, webauthn:virtualAuthenticators: true}
Session ID: 9172d8e6ab1849211e8b163d890e5c03
*** Element info: {Using=xpath, value=//*[@id='realtor1']}]]>
            </message>
            <full-stacktrace>
              <![CDATA[org.openqa.selenium.NoSuchElementException: no such element: Unable to locate element: {"method":"xpath","selector":"//*[@id='realtor1']"}
  (Session info: chrome=92.0.4515.159)
For documentation on this error, please visit: https://www.seleniumhq.org/exceptions/no_such_element.html
Build info: version: '3.141.59', revision: 'e82be7d358', time: '2018-11-14T08:17:03'
System info: host: 'DESKTOP-P8JIU9Q', ip: '192.168.1.158', os.name: 'Windows 10', os.arch: 'amd64', os.version: '10.0', java.version: '1.8.0_281'
Driver info: org.openqa.selenium.chrome.ChromeDriver
Capabilities {acceptInsecureCerts: false, browserName: chrome, browserVersion: 92.0.4515.159, chrome: {chromedriverVersion: 92.0.4515.107 (87a818b10553..., userDataDir: C:\Users\parvi\AppData\Loca...}, goog:chromeOptions: {debuggerAddress: localhost:51806}, javascriptEnabled: true, networkConnectionEnabled: false, pageLoadStrategy: normal, platform: WINDOWS, platformName: WINDOWS, proxy: Proxy(), setWindowRect: true, strictFileInteractability: false, timeouts: {implicit: 0, pageLoad: 300000, script: 30000}, unhandledPromptBehavior: dismiss and notify, webauthn:extension:credBlob: true, webauthn:extension:largeBlob: true, webauthn:virtualAuthenticators: true}
Session ID: 9172d8e6ab1849211e8b163d890e5c03
*** Element info: {Using=xpath, value=//*[@id='realtor1']}
at sun.reflect.NativeConstructorAccessorImpl.newInstance0(Native Method)
at sun.reflect.NativeConstructorAccessorImpl.newInstance(NativeConstructorAccessorImpl.java:62)
at sun.reflect.DelegatingConstructorAccessorImpl.newInstance(DelegatingConstructorAccessorImpl.java:45)
at java.lang.reflect.Constructor.newInstance(Constructor.java:423)
at org.openqa.selenium.remote.http.W3CHttpResponseCodec.createException(W3CHttpResponseCodec.java:187)
at org.openqa.selenium.remote.http.W3CHttpResponseCodec.decode(W3CHttpResponseCodec.java:122)
at org.openqa.selenium.remote.http.W3CHttpResponseCodec.decode(W3CHttpResponseCodec.java:49)
at org.openqa.selenium.remote.HttpCommandExecutor.execute(HttpCommandExecutor.java:158)
at org.openqa.selenium.remote.service.DriverCommandExecutor.execute(DriverCommandExecutor.java:83)
at org.openqa.selenium.remote.RemoteWebDriver.execute(RemoteWebDriver.java:552)
at org.openqa.selenium.remote.RemoteWebDriver.findElement(RemoteWebDriver.java:323)
at org.openqa.selenium.remote.RemoteWebDriver.findElementByXPath(RemoteWebDriver.java:428)
at org.openqa.selenium.By$ByXPath.findElement(By.java:353)
at org.openqa.selenium.remote.RemoteWebDriver.findElement(RemoteWebDriver.java:315)
at org.openqa.selenium.support.pagefactory.DefaultElementLocator.findElement(DefaultElementLocator.java:69)
at org.openqa.selenium.support.pagefactory.internal.LocatingElementHandler.invoke(LocatingElementHandler.java:38)
at com.sun.proxy.$Proxy14.isSelected(Unknown Source)
at tests.PreApprovalDetailsTests.positiveTestPreApprovalDetails(PreApprovalDetailsTests.java:34)
at tests.PersonalInformationTests.loginSetup(PersonalInformationTests.java:31)
at sun.reflect.NativeMethodAccessorImpl.invoke0(Native Method)
at sun.reflect.NativeMethodAccessorImpl.invoke(NativeMethodAccessorImpl.java:62)
at sun.reflect.DelegatingMethodAccessorImpl.invoke(DelegatingMethodAccessorImpl.java:43)
at java.lang.reflect.Method.invoke(Method.java:498)
at org.testng.internal.MethodInvocationHelper.invokeMethod(MethodInvocationHelper.java:133)
at org.testng.internal.MethodInvocationHelper.invokeMethodConsideringTimeout(MethodInvocationHelper.java:62)
at org.testng.internal.ConfigInvoker.invokeConfigurationMethod(ConfigInvoker.java:385)
at org.testng.internal.ConfigInvoker.invokeConfigurations(ConfigInvoker.java:321)
at org.testng.internal.TestInvoker.runConfigMethods(TestInvoker.java:700)
at org.testng.internal.TestInvoker.invokeMethod(TestInvoker.java:527)
at org.testng.internal.TestInvoker.invokeTestMethod(TestInvoker.java:173)
at org.testng.internal.MethodRunner.runInSequence(MethodRunner.java:46)
at org.testng.internal.TestInvoker$MethodInvocationAgent.invoke(TestInvoker.java:824)
at org.testng.internal.TestInvoker.invokeTestMethods(TestInvoker.java:146)
at org.testng.internal.TestMethodWorker.invokeTestMethods(TestMethodWorker.java:146)
at org.testng.internal.TestMethodWorker.run(TestMethodWorker.java:128)
at java.util.concurrent.ThreadPoolExecutor.runWorker(ThreadPoolExecutor.java:1149)
at java.util.concurrent.ThreadPoolExecutor$Worker.run(ThreadPoolExecutor.java:624)
at java.lang.Thread.run(Thread.java:748)
]]>
            </full-stacktrace>
          </exception> <!-- org.openqa.selenium.NoSuchElementException -->
          <reporter-output>
          </reporter-output>
        </test-method> <!-- verifyEmailFieldWithInvalidEmailAddress -->
        <test-method status="PASS" signature="tearDownMethod(org.testng.ITestResult)[pri:0, instance:tests.PersonalInformationTests@6366ebe0]" name="tearDownMethod" is-config="true" duration-ms="851" started-at="2021-08-24T04:13:05 EDT" finished-at="2021-08-24T04:13:06 EDT">
          <params>
            <param index="0">
              <value>
                <![CDATA[[TestResult name={null} status=CREATED method=PersonalInformationTests.verifyEmailFieldWithInvalidEmailAddress(java.lang.String,java.lang.String,java.lang.String,java.lang.String,java.lang.String,java.lang.String,java.lang.String,java.lang.String)[pri:0, instance:tests.PersonalInformationTests@6366ebe0] output={null}]]]>
              </value>
            </param>
          </params>
          <reporter-output>
          </reporter-output>
        </test-method> <!-- tearDownMethod -->
        <test-method status="PASS" signature="setupMethod(java.lang.String,java.lang.reflect.Method)[pri:0, instance:tests.PersonalInformationTests@6366ebe0]" name="setupMethod" is-config="true" duration-ms="3022" started-at="2021-08-24T04:13:06 EDT" finished-at="2021-08-24T04:13:09 EDT">
          <params>
            <param index="0">
              <value is-null="true"/>
            </param>
            <param index="1">
              <value>
                <![CDATA[public void tests.PersonalInformationTests.verifyEmailFieldWithInvalidEmailAddress(java.lang.String,java.lang.String,java.lang.String,java.lang.String,java.lang.String,java.lang.String,java.lang.String,java.lang.String)]]>
              </value>
            </param>
          </params>
          <reporter-output>
          </reporter-output>
        </test-method> <!-- setupMethod -->
        <test-method status="FAIL" signature="loginSetup()[pri:0, instance:tests.PersonalInformationTests@6366ebe0]" name="loginSetup" is-config="true" duration-ms="12286" started-at="2021-08-24T04:13:09 EDT" finished-at="2021-08-24T04:13:21 EDT">
          <exception class="org.openqa.selenium.NoSuchElementException">
            <message>
              <![CDATA[no such element: Unable to locate element: {"method":"xpath","selector":"//*[@id='realtor1']"}
  (Session info: chrome=92.0.4515.159)
For documentation on this error, please visit: https://www.seleniumhq.org/exceptions/no_such_element.html
Build info: version: '3.141.59', revision: 'e82be7d358', time: '2018-11-14T08:17:03'
System info: host: 'DESKTOP-P8JIU9Q', ip: '192.168.1.158', os.name: 'Windows 10', os.arch: 'amd64', os.version: '10.0', java.version: '1.8.0_281'
Driver info: org.openqa.selenium.chrome.ChromeDriver
Capabilities {acceptInsecureCerts: false, browserName: chrome, browserVersion: 92.0.4515.159, chrome: {chromedriverVersion: 92.0.4515.107 (87a818b10553..., userDataDir: C:\Users\parvi\AppData\Loca...}, goog:chromeOptions: {debuggerAddress: localhost:54526}, javascriptEnabled: true, networkConnectionEnabled: false, pageLoadStrategy: normal, platform: WINDOWS, platformName: WINDOWS, proxy: Proxy(), setWindowRect: true, strictFileInteractability: false, timeouts: {implicit: 0, pageLoad: 300000, script: 30000}, unhandledPromptBehavior: dismiss and notify, webauthn:extension:credBlob: true, webauthn:extension:largeBlob: true, webauthn:virtualAuthenticators: true}
Session ID: d4615cd5782334a93fb7464ecacdc01b
*** Element info: {Using=xpath, value=//*[@id='realtor1']}]]>
            </message>
            <full-stacktrace>
              <![CDATA[org.openqa.selenium.NoSuchElementException: no such element: Unable to locate element: {"method":"xpath","selector":"//*[@id='realtor1']"}
  (Session info: chrome=92.0.4515.159)
For documentation on this error, please visit: https://www.seleniumhq.org/exceptions/no_such_element.html
Build info: version: '3.141.59', revision: 'e82be7d358', time: '2018-11-14T08:17:03'
System info: host: 'DESKTOP-P8JIU9Q', ip: '192.168.1.158', os.name: 'Windows 10', os.arch: 'amd64', os.version: '10.0', java.version: '1.8.0_281'
Driver info: org.openqa.selenium.chrome.ChromeDriver
Capabilities {acceptInsecureCerts: false, browserName: chrome, browserVersion: 92.0.4515.159, chrome: {chromedriverVersion: 92.0.4515.107 (87a818b10553..., userDataDir: C:\Users\parvi\AppData\Loca...}, goog:chromeOptions: {debuggerAddress: localhost:54526}, javascriptEnabled: true, networkConnectionEnabled: false, pageLoadStrategy: normal, platform: WINDOWS, platformName: WINDOWS, proxy: Proxy(), setWindowRect: true, strictFileInteractability: false, timeouts: {implicit: 0, pageLoad: 300000, script: 30000}, unhandledPromptBehavior: dismiss and notify, webauthn:extension:credBlob: true, webauthn:extension:largeBlob: true, webauthn:virtualAuthenticators: true}
Session ID: d4615cd5782334a93fb7464ecacdc01b
*** Element info: {Using=xpath, value=//*[@id='realtor1']}
at sun.reflect.NativeConstructorAccessorImpl.newInstance0(Native Method)
at sun.reflect.NativeConstructorAccessorImpl.newInstance(NativeConstructorAccessorImpl.java:62)
at sun.reflect.DelegatingConstructorAccessorImpl.newInstance(DelegatingConstructorAccessorImpl.java:45)
at java.lang.reflect.Constructor.newInstance(Constructor.java:423)
at org.openqa.selenium.remote.http.W3CHttpResponseCodec.createException(W3CHttpResponseCodec.java:187)
at org.openqa.selenium.remote.http.W3CHttpResponseCodec.decode(W3CHttpResponseCodec.java:122)
at org.openqa.selenium.remote.http.W3CHttpResponseCodec.decode(W3CHttpResponseCodec.java:49)
at org.openqa.selenium.remote.HttpCommandExecutor.execute(HttpCommandExecutor.java:158)
at org.openqa.selenium.remote.service.DriverCommandExecutor.execute(DriverCommandExecutor.java:83)
at org.openqa.selenium.remote.RemoteWebDriver.execute(RemoteWebDriver.java:552)
at org.openqa.selenium.remote.RemoteWebDriver.findElement(RemoteWebDriver.java:323)
at org.openqa.selenium.remote.RemoteWebDriver.findElementByXPath(RemoteWebDriver.java:428)
at org.openqa.selenium.By$ByXPath.findElement(By.java:353)
at org.openqa.selenium.remote.RemoteWebDriver.findElement(RemoteWebDriver.java:315)
at org.openqa.selenium.support.pagefactory.DefaultElementLocator.findElement(DefaultElementLocator.java:69)
at org.openqa.selenium.support.pagefactory.internal.LocatingElementHandler.invoke(LocatingElementHandler.java:38)
at com.sun.proxy.$Proxy14.isSelected(Unknown Source)
at tests.PreApprovalDetailsTests.positiveTestPreApprovalDetails(PreApprovalDetailsTests.java:34)
at tests.PersonalInformationTests.loginSetup(PersonalInformationTests.java:31)
at sun.reflect.NativeMethodAccessorImpl.invoke0(Native Method)
at sun.reflect.NativeMethodAccessorImpl.invoke(NativeMethodAccessorImpl.java:62)
at sun.reflect.DelegatingMethodAccessorImpl.invoke(DelegatingMethodAccessorImpl.java:43)
at java.lang.reflect.Method.invoke(Method.java:498)
at org.testng.internal.MethodInvocationHelper.invokeMethod(MethodInvocationHelper.java:133)
at org.testng.internal.MethodInvocationHelper.invokeMethodConsideringTimeout(MethodInvocationHelper.java:62)
at org.testng.internal.ConfigInvoker.invokeConfigurationMethod(ConfigInvoker.java:385)
at org.testng.internal.ConfigInvoker.invokeConfigurations(ConfigInvoker.java:321)
at org.testng.internal.TestInvoker.runConfigMethods(TestInvoker.java:700)
at org.testng.internal.TestInvoker.invokeMethod(TestInvoker.java:527)
at org.testng.internal.TestInvoker.invokeTestMethod(TestInvoker.java:173)
at org.testng.internal.MethodRunner.runInSequence(MethodRunner.java:46)
at org.testng.internal.TestInvoker$MethodInvocationAgent.invoke(TestInvoker.java:824)
at org.testng.internal.TestInvoker.invokeTestMethods(TestInvoker.java:146)
at org.testng.internal.TestMethodWorker.invokeTestMethods(TestMethodWorker.java:146)
at org.testng.internal.TestMethodWorker.run(TestMethodWorker.java:128)
at java.util.concurrent.ThreadPoolExecutor.runWorker(ThreadPoolExecutor.java:1149)
at java.util.concurrent.ThreadPoolExecutor$Worker.run(ThreadPoolExecutor.java:624)
at java.lang.Thread.run(Thread.java:748)
]]>
            </full-stacktrace>
          </exception> <!-- org.openqa.selenium.NoSuchElementException -->
          <reporter-output>
          </reporter-output>
        </test-method> <!-- loginSetup -->
        <test-method status="SKIP" signature="verifyEmailFieldWithInvalidEmailAddress(java.lang.String,java.lang.String,java.lang.String,java.lang.String,java.lang.String,java.lang.String,java.lang.String,java.lang.String)[pri:0, instance:tests.PersonalInformationTests@6366ebe0]" name="verifyEmailFieldWithInvalidEmailAddress" duration-ms="0" started-at="2021-08-24T04:13:21 EDT" data-provider="fromCsvFile3" finished-at="2021-08-24T04:13:21 EDT">
          <params>
            <param index="0">
              <value>
                <![CDATA[Jeremie]]>
              </value>
            </param>
            <param index="1">
              <value>
                <![CDATA[Britte]]>
              </value>
            </param>
            <param index="2">
              <value>
                <![CDATA[Vivians]]>
              </value>
            </param>
            <param index="3">
              <value>
                <![CDATA["bvivians0"gmail.com]]>
              </value>
            </param>
            <param index="4">
              <value>
                <![CDATA[12/08/1980]]>
              </value>
            </param>
            <param index="5">
              <value>
                <![CDATA[525-13-6745]]>
              </value>
            </param>
            <param index="6">
              <value>
                <![CDATA[825-706-8697]]>
              </value>
            </param>
            <param index="7">
              <value>
                <![CDATA[184-796-5750]]>
              </value>
            </param>
          </params>
          <exception class="org.openqa.selenium.NoSuchElementException">
            <message>
              <![CDATA[no such element: Unable to locate element: {"method":"xpath","selector":"//*[@id='realtor1']"}
  (Session info: chrome=92.0.4515.159)
For documentation on this error, please visit: https://www.seleniumhq.org/exceptions/no_such_element.html
Build info: version: '3.141.59', revision: 'e82be7d358', time: '2018-11-14T08:17:03'
System info: host: 'DESKTOP-P8JIU9Q', ip: '192.168.1.158', os.name: 'Windows 10', os.arch: 'amd64', os.version: '10.0', java.version: '1.8.0_281'
Driver info: org.openqa.selenium.chrome.ChromeDriver
Capabilities {acceptInsecureCerts: false, browserName: chrome, browserVersion: 92.0.4515.159, chrome: {chromedriverVersion: 92.0.4515.107 (87a818b10553..., userDataDir: C:\Users\parvi\AppData\Loca...}, goog:chromeOptions: {debuggerAddress: localhost:51806}, javascriptEnabled: true, networkConnectionEnabled: false, pageLoadStrategy: normal, platform: WINDOWS, platformName: WINDOWS, proxy: Proxy(), setWindowRect: true, strictFileInteractability: false, timeouts: {implicit: 0, pageLoad: 300000, script: 30000}, unhandledPromptBehavior: dismiss and notify, webauthn:extension:credBlob: true, webauthn:extension:largeBlob: true, webauthn:virtualAuthenticators: true}
Session ID: 9172d8e6ab1849211e8b163d890e5c03
*** Element info: {Using=xpath, value=//*[@id='realtor1']}]]>
            </message>
            <full-stacktrace>
              <![CDATA[org.openqa.selenium.NoSuchElementException: no such element: Unable to locate element: {"method":"xpath","selector":"//*[@id='realtor1']"}
  (Session info: chrome=92.0.4515.159)
For documentation on this error, please visit: https://www.seleniumhq.org/exceptions/no_such_element.html
Build info: version: '3.141.59', revision: 'e82be7d358', time: '2018-11-14T08:17:03'
System info: host: 'DESKTOP-P8JIU9Q', ip: '192.168.1.158', os.name: 'Windows 10', os.arch: 'amd64', os.version: '10.0', java.version: '1.8.0_281'
Driver info: org.openqa.selenium.chrome.ChromeDriver
Capabilities {acceptInsecureCerts: false, browserName: chrome, browserVersion: 92.0.4515.159, chrome: {chromedriverVersion: 92.0.4515.107 (87a818b10553..., userDataDir: C:\Users\parvi\AppData\Loca...}, goog:chromeOptions: {debuggerAddress: localhost:51806}, javascriptEnabled: true, networkConnectionEnabled: false, pageLoadStrategy: normal, platform: WINDOWS, platformName: WINDOWS, proxy: Proxy(), setWindowRect: true, strictFileInteractability: false, timeouts: {implicit: 0, pageLoad: 300000, script: 30000}, unhandledPromptBehavior: dismiss and notify, webauthn:extension:credBlob: true, webauthn:extension:largeBlob: true, webauthn:virtualAuthenticators: true}
Session ID: 9172d8e6ab1849211e8b163d890e5c03
*** Element info: {Using=xpath, value=//*[@id='realtor1']}
at sun.reflect.NativeConstructorAccessorImpl.newInstance0(Native Method)
at sun.reflect.NativeConstructorAccessorImpl.newInstance(NativeConstructorAccessorImpl.java:62)
at sun.reflect.DelegatingConstructorAccessorImpl.newInstance(DelegatingConstructorAccessorImpl.java:45)
at java.lang.reflect.Constructor.newInstance(Constructor.java:423)
at org.openqa.selenium.remote.http.W3CHttpResponseCodec.createException(W3CHttpResponseCodec.java:187)
at org.openqa.selenium.remote.http.W3CHttpResponseCodec.decode(W3CHttpResponseCodec.java:122)
at org.openqa.selenium.remote.http.W3CHttpResponseCodec.decode(W3CHttpResponseCodec.java:49)
at org.openqa.selenium.remote.HttpCommandExecutor.execute(HttpCommandExecutor.java:158)
at org.openqa.selenium.remote.service.DriverCommandExecutor.execute(DriverCommandExecutor.java:83)
at org.openqa.selenium.remote.RemoteWebDriver.execute(RemoteWebDriver.java:552)
at org.openqa.selenium.remote.RemoteWebDriver.findElement(RemoteWebDriver.java:323)
at org.openqa.selenium.remote.RemoteWebDriver.findElementByXPath(RemoteWebDriver.java:428)
at org.openqa.selenium.By$ByXPath.findElement(By.java:353)
at org.openqa.selenium.remote.RemoteWebDriver.findElement(RemoteWebDriver.java:315)
at org.openqa.selenium.support.pagefactory.DefaultElementLocator.findElement(DefaultElementLocator.java:69)
at org.openqa.selenium.support.pagefactory.internal.LocatingElementHandler.invoke(LocatingElementHandler.java:38)
at com.sun.proxy.$Proxy14.isSelected(Unknown Source)
at tests.PreApprovalDetailsTests.positiveTestPreApprovalDetails(PreApprovalDetailsTests.java:34)
at tests.PersonalInformationTests.loginSetup(PersonalInformationTests.java:31)
at sun.reflect.NativeMethodAccessorImpl.invoke0(Native Method)
at sun.reflect.NativeMethodAccessorImpl.invoke(NativeMethodAccessorImpl.java:62)
at sun.reflect.DelegatingMethodAccessorImpl.invoke(DelegatingMethodAccessorImpl.java:43)
at java.lang.reflect.Method.invoke(Method.java:498)
at org.testng.internal.MethodInvocationHelper.invokeMethod(MethodInvocationHelper.java:133)
at org.testng.internal.MethodInvocationHelper.invokeMethodConsideringTimeout(MethodInvocationHelper.java:62)
at org.testng.internal.ConfigInvoker.invokeConfigurationMethod(ConfigInvoker.java:385)
at org.testng.internal.ConfigInvoker.invokeConfigurations(ConfigInvoker.java:321)
at org.testng.internal.TestInvoker.runConfigMethods(TestInvoker.java:700)
at org.testng.internal.TestInvoker.invokeMethod(TestInvoker.java:527)
at org.testng.internal.TestInvoker.invokeTestMethod(TestInvoker.java:173)
at org.testng.internal.MethodRunner.runInSequence(MethodRunner.java:46)
at org.testng.internal.TestInvoker$MethodInvocationAgent.invoke(TestInvoker.java:824)
at org.testng.internal.TestInvoker.invokeTestMethods(TestInvoker.java:146)
at org.testng.internal.TestMethodWorker.invokeTestMethods(TestMethodWorker.java:146)
at org.testng.internal.TestMethodWorker.run(TestMethodWorker.java:128)
at java.util.concurrent.ThreadPoolExecutor.runWorker(ThreadPoolExecutor.java:1149)
at java.util.concurrent.ThreadPoolExecutor$Worker.run(ThreadPoolExecutor.java:624)
at java.lang.Thread.run(Thread.java:748)
]]>
            </full-stacktrace>
          </exception> <!-- org.openqa.selenium.NoSuchElementException -->
          <reporter-output>
          </reporter-output>
        </test-method> <!-- verifyEmailFieldWithInvalidEmailAddress -->
        <test-method status="PASS" signature="tearDownMethod(org.testng.ITestResult)[pri:0, instance:tests.PersonalInformationTests@6366ebe0]" name="tearDownMethod" is-config="true" duration-ms="688" started-at="2021-08-24T04:13:21 EDT" finished-at="2021-08-24T04:13:22 EDT">
          <params>
            <param index="0">
              <value>
                <![CDATA[[TestResult name={null} status=CREATED method=PersonalInformationTests.verifyEmailFieldWithInvalidEmailAddress(java.lang.String,java.lang.String,java.lang.String,java.lang.String,java.lang.String,java.lang.String,java.lang.String,java.lang.String)[pri:0, instance:tests.PersonalInformationTests@6366ebe0] output={null}]]]>
              </value>
            </param>
          </params>
          <reporter-output>
          </reporter-output>
        </test-method> <!-- tearDownMethod -->
        <test-method status="PASS" signature="setupMethod(java.lang.String,java.lang.reflect.Method)[pri:0, instance:tests.PersonalInformationTests@6366ebe0]" name="setupMethod" is-config="true" duration-ms="1864" started-at="2021-08-24T04:13:22 EDT" finished-at="2021-08-24T04:13:24 EDT">
          <params>
            <param index="0">
              <value is-null="true"/>
            </param>
            <param index="1">
              <value>
                <![CDATA[public void tests.PersonalInformationTests.verifyEmailFieldWithInvalidEmailAddress(java.lang.String,java.lang.String,java.lang.String,java.lang.String,java.lang.String,java.lang.String,java.lang.String,java.lang.String)]]>
              </value>
            </param>
          </params>
          <reporter-output>
          </reporter-output>
        </test-method> <!-- setupMethod -->
        <test-method status="PASS" signature="loginSetup()[pri:0, instance:tests.PersonalInformationTests@6366ebe0]" name="loginSetup" is-config="true" duration-ms="4101" started-at="2021-08-24T04:13:24 EDT" finished-at="2021-08-24T04:13:28 EDT">
          <reporter-output>
          </reporter-output>
        </test-method> <!-- loginSetup -->
        <test-method status="SKIP" signature="verifyEmailFieldWithInvalidEmailAddress(java.lang.String,java.lang.String,java.lang.String,java.lang.String,java.lang.String,java.lang.String,java.lang.String,java.lang.String)[pri:0, instance:tests.PersonalInformationTests@6366ebe0]" name="verifyEmailFieldWithInvalidEmailAddress" duration-ms="0" started-at="2021-08-24T04:13:28 EDT" data-provider="fromCsvFile3" finished-at="2021-08-24T04:13:28 EDT">
          <params>
            <param index="0">
              <value>
                <![CDATA[Jeremie]]>
              </value>
            </param>
            <param index="1">
              <value>
                <![CDATA[Britte]]>
              </value>
            </param>
            <param index="2">
              <value>
                <![CDATA[Vivians]]>
              </value>
            </param>
            <param index="3">
              <value>
                <![CDATA[b vivians 0gmail.com]]>
              </value>
            </param>
            <param index="4">
              <value>
                <![CDATA[12/08/1980]]>
              </value>
            </param>
            <param index="5">
              <value>
                <![CDATA[525-13-6745]]>
              </value>
            </param>
            <param index="6">
              <value>
                <![CDATA[825-706-8697]]>
              </value>
            </param>
            <param index="7">
              <value>
                <![CDATA[184-796-5750]]>
              </value>
            </param>
          </params>
          <exception class="org.openqa.selenium.NoSuchElementException">
            <message>
              <![CDATA[no such element: Unable to locate element: {"method":"xpath","selector":"//*[@id='realtor1']"}
  (Session info: chrome=92.0.4515.159)
For documentation on this error, please visit: https://www.seleniumhq.org/exceptions/no_such_element.html
Build info: version: '3.141.59', revision: 'e82be7d358', time: '2018-11-14T08:17:03'
System info: host: 'DESKTOP-P8JIU9Q', ip: '192.168.1.158', os.name: 'Windows 10', os.arch: 'amd64', os.version: '10.0', java.version: '1.8.0_281'
Driver info: org.openqa.selenium.chrome.ChromeDriver
Capabilities {acceptInsecureCerts: false, browserName: chrome, browserVersion: 92.0.4515.159, chrome: {chromedriverVersion: 92.0.4515.107 (87a818b10553..., userDataDir: C:\Users\parvi\AppData\Loca...}, goog:chromeOptions: {debuggerAddress: localhost:51806}, javascriptEnabled: true, networkConnectionEnabled: false, pageLoadStrategy: normal, platform: WINDOWS, platformName: WINDOWS, proxy: Proxy(), setWindowRect: true, strictFileInteractability: false, timeouts: {implicit: 0, pageLoad: 300000, script: 30000}, unhandledPromptBehavior: dismiss and notify, webauthn:extension:credBlob: true, webauthn:extension:largeBlob: true, webauthn:virtualAuthenticators: true}
Session ID: 9172d8e6ab1849211e8b163d890e5c03
*** Element info: {Using=xpath, value=//*[@id='realtor1']}]]>
            </message>
            <full-stacktrace>
              <![CDATA[org.openqa.selenium.NoSuchElementException: no such element: Unable to locate element: {"method":"xpath","selector":"//*[@id='realtor1']"}
  (Session info: chrome=92.0.4515.159)
For documentation on this error, please visit: https://www.seleniumhq.org/exceptions/no_such_element.html
Build info: version: '3.141.59', revision: 'e82be7d358', time: '2018-11-14T08:17:03'
System info: host: 'DESKTOP-P8JIU9Q', ip: '192.168.1.158', os.name: 'Windows 10', os.arch: 'amd64', os.version: '10.0', java.version: '1.8.0_281'
Driver info: org.openqa.selenium.chrome.ChromeDriver
Capabilities {acceptInsecureCerts: false, browserName: chrome, browserVersion: 92.0.4515.159, chrome: {chromedriverVersion: 92.0.4515.107 (87a818b10553..., userDataDir: C:\Users\parvi\AppData\Loca...}, goog:chromeOptions: {debuggerAddress: localhost:51806}, javascriptEnabled: true, networkConnectionEnabled: false, pageLoadStrategy: normal, platform: WINDOWS, platformName: WINDOWS, proxy: Proxy(), setWindowRect: true, strictFileInteractability: false, timeouts: {implicit: 0, pageLoad: 300000, script: 30000}, unhandledPromptBehavior: dismiss and notify, webauthn:extension:credBlob: true, webauthn:extension:largeBlob: true, webauthn:virtualAuthenticators: true}
Session ID: 9172d8e6ab1849211e8b163d890e5c03
*** Element info: {Using=xpath, value=//*[@id='realtor1']}
at sun.reflect.NativeConstructorAccessorImpl.newInstance0(Native Method)
at sun.reflect.NativeConstructorAccessorImpl.newInstance(NativeConstructorAccessorImpl.java:62)
at sun.reflect.DelegatingConstructorAccessorImpl.newInstance(DelegatingConstructorAccessorImpl.java:45)
at java.lang.reflect.Constructor.newInstance(Constructor.java:423)
at org.openqa.selenium.remote.http.W3CHttpResponseCodec.createException(W3CHttpResponseCodec.java:187)
at org.openqa.selenium.remote.http.W3CHttpResponseCodec.decode(W3CHttpResponseCodec.java:122)
at org.openqa.selenium.remote.http.W3CHttpResponseCodec.decode(W3CHttpResponseCodec.java:49)
at org.openqa.selenium.remote.HttpCommandExecutor.execute(HttpCommandExecutor.java:158)
at org.openqa.selenium.remote.service.DriverCommandExecutor.execute(DriverCommandExecutor.java:83)
at org.openqa.selenium.remote.RemoteWebDriver.execute(RemoteWebDriver.java:552)
at org.openqa.selenium.remote.RemoteWebDriver.findElement(RemoteWebDriver.java:323)
at org.openqa.selenium.remote.RemoteWebDriver.findElementByXPath(RemoteWebDriver.java:428)
at org.openqa.selenium.By$ByXPath.findElement(By.java:353)
at org.openqa.selenium.remote.RemoteWebDriver.findElement(RemoteWebDriver.java:315)
at org.openqa.selenium.support.pagefactory.DefaultElementLocator.findElement(DefaultElementLocator.java:69)
at org.openqa.selenium.support.pagefactory.internal.LocatingElementHandler.invoke(LocatingElementHandler.java:38)
at com.sun.proxy.$Proxy14.isSelected(Unknown Source)
at tests.PreApprovalDetailsTests.positiveTestPreApprovalDetails(PreApprovalDetailsTests.java:34)
at tests.PersonalInformationTests.loginSetup(PersonalInformationTests.java:31)
at sun.reflect.NativeMethodAccessorImpl.invoke0(Native Method)
at sun.reflect.NativeMethodAccessorImpl.invoke(NativeMethodAccessorImpl.java:62)
at sun.reflect.DelegatingMethodAccessorImpl.invoke(DelegatingMethodAccessorImpl.java:43)
at java.lang.reflect.Method.invoke(Method.java:498)
at org.testng.internal.MethodInvocationHelper.invokeMethod(MethodInvocationHelper.java:133)
at org.testng.internal.MethodInvocationHelper.invokeMethodConsideringTimeout(MethodInvocationHelper.java:62)
at org.testng.internal.ConfigInvoker.invokeConfigurationMethod(ConfigInvoker.java:385)
at org.testng.internal.ConfigInvoker.invokeConfigurations(ConfigInvoker.java:321)
at org.testng.internal.TestInvoker.runConfigMethods(TestInvoker.java:700)
at org.testng.internal.TestInvoker.invokeMethod(TestInvoker.java:527)
at org.testng.internal.TestInvoker.invokeTestMethod(TestInvoker.java:173)
at org.testng.internal.MethodRunner.runInSequence(MethodRunner.java:46)
at org.testng.internal.TestInvoker$MethodInvocationAgent.invoke(TestInvoker.java:824)
at org.testng.internal.TestInvoker.invokeTestMethods(TestInvoker.java:146)
at org.testng.internal.TestMethodWorker.invokeTestMethods(TestMethodWorker.java:146)
at org.testng.internal.TestMethodWorker.run(TestMethodWorker.java:128)
at java.util.concurrent.ThreadPoolExecutor.runWorker(ThreadPoolExecutor.java:1149)
at java.util.concurrent.ThreadPoolExecutor$Worker.run(ThreadPoolExecutor.java:624)
at java.lang.Thread.run(Thread.java:748)
]]>
            </full-stacktrace>
          </exception> <!-- org.openqa.selenium.NoSuchElementException -->
          <reporter-output>
          </reporter-output>
        </test-method> <!-- verifyEmailFieldWithInvalidEmailAddress -->
        <test-method status="PASS" signature="tearDownMethod(org.testng.ITestResult)[pri:0, instance:tests.PersonalInformationTests@6366ebe0]" name="tearDownMethod" is-config="true" duration-ms="1173" started-at="2021-08-24T04:13:28 EDT" finished-at="2021-08-24T04:13:29 EDT">
          <params>
            <param index="0">
              <value>
                <![CDATA[[TestResult name={null} status=CREATED method=PersonalInformationTests.verifyEmailFieldWithInvalidEmailAddress(java.lang.String,java.lang.String,java.lang.String,java.lang.String,java.lang.String,java.lang.String,java.lang.String,java.lang.String)[pri:0, instance:tests.PersonalInformationTests@6366ebe0] output={null}]]]>
              </value>
            </param>
          </params>
          <reporter-output>
          </reporter-output>
        </test-method> <!-- tearDownMethod -->
        <test-method status="PASS" signature="setupMethod(java.lang.String,java.lang.reflect.Method)[pri:0, instance:tests.PersonalInformationTests@6366ebe0]" name="setupMethod" is-config="true" duration-ms="1837" started-at="2021-08-24T04:13:29 EDT" finished-at="2021-08-24T04:13:31 EDT">
          <params>
            <param index="0">
              <value is-null="true"/>
            </param>
            <param index="1">
              <value>
                <![CDATA[public void tests.PersonalInformationTests.verifyEmailFieldWithInvalidEmailAddress(java.lang.String,java.lang.String,java.lang.String,java.lang.String,java.lang.String,java.lang.String,java.lang.String,java.lang.String)]]>
              </value>
            </param>
          </params>
          <reporter-output>
          </reporter-output>
        </test-method> <!-- setupMethod -->
        <test-method status="PASS" signature="loginSetup()[pri:0, instance:tests.PersonalInformationTests@6366ebe0]" name="loginSetup" is-config="true" duration-ms="4267" started-at="2021-08-24T04:13:31 EDT" finished-at="2021-08-24T04:13:35 EDT">
          <reporter-output>
          </reporter-output>
        </test-method> <!-- loginSetup -->
        <test-method status="PASS" signature="tearDownMethod(org.testng.ITestResult)[pri:0, instance:tests.PersonalInformationTests@6366ebe0]" name="tearDownMethod" is-config="true" duration-ms="738" started-at="2021-08-24T04:13:35 EDT" finished-at="2021-08-24T04:13:36 EDT">
          <params>
            <param index="0">
              <value>
                <![CDATA[[TestResult name={null} status=CREATED method=PersonalInformationTests.verifyEmailFieldWithInvalidEmailAddress(java.lang.String,java.lang.String,java.lang.String,java.lang.String,java.lang.String,java.lang.String,java.lang.String,java.lang.String)[pri:0, instance:tests.PersonalInformationTests@6366ebe0] output={null}]]]>
              </value>
            </param>
          </params>
          <reporter-output>
          </reporter-output>
        </test-method> <!-- tearDownMethod -->
        <test-method status="SKIP" signature="verifyEmailFieldWithInvalidEmailAddress(java.lang.String,java.lang.String,java.lang.String,java.lang.String,java.lang.String,java.lang.String,java.lang.String,java.lang.String)[pri:0, instance:tests.PersonalInformationTests@6366ebe0]" name="verifyEmailFieldWithInvalidEmailAddress" duration-ms="0" started-at="2021-08-24T04:13:35 EDT" data-provider="fromCsvFile3" finished-at="2021-08-24T04:13:35 EDT">
          <params>
            <param index="0">
              <value>
                <![CDATA[Jeremie]]>
              </value>
            </param>
            <param index="1">
              <value>
                <![CDATA[Britte]]>
              </value>
            </param>
            <param index="2">
              <value>
                <![CDATA[Vivians]]>
              </value>
            </param>
            <param index="3">
              <value>
                <![CDATA[bvivians0gmail..com]]>
              </value>
            </param>
            <param index="4">
              <value>
                <![CDATA[12/08/1980]]>
              </value>
            </param>
            <param index="5">
              <value>
                <![CDATA[525-13-6745]]>
              </value>
            </param>
            <param index="6">
              <value>
                <![CDATA[825-706-8697]]>
              </value>
            </param>
            <param index="7">
              <value>
                <![CDATA[184-796-5750]]>
              </value>
            </param>
          </params>
          <exception class="org.openqa.selenium.NoSuchElementException">
            <message>
              <![CDATA[no such element: Unable to locate element: {"method":"xpath","selector":"//*[@id='realtor1']"}
  (Session info: chrome=92.0.4515.159)
For documentation on this error, please visit: https://www.seleniumhq.org/exceptions/no_such_element.html
Build info: version: '3.141.59', revision: 'e82be7d358', time: '2018-11-14T08:17:03'
System info: host: 'DESKTOP-P8JIU9Q', ip: '192.168.1.158', os.name: 'Windows 10', os.arch: 'amd64', os.version: '10.0', java.version: '1.8.0_281'
Driver info: org.openqa.selenium.chrome.ChromeDriver
Capabilities {acceptInsecureCerts: false, browserName: chrome, browserVersion: 92.0.4515.159, chrome: {chromedriverVersion: 92.0.4515.107 (87a818b10553..., userDataDir: C:\Users\parvi\AppData\Loca...}, goog:chromeOptions: {debuggerAddress: localhost:51806}, javascriptEnabled: true, networkConnectionEnabled: false, pageLoadStrategy: normal, platform: WINDOWS, platformName: WINDOWS, proxy: Proxy(), setWindowRect: true, strictFileInteractability: false, timeouts: {implicit: 0, pageLoad: 300000, script: 30000}, unhandledPromptBehavior: dismiss and notify, webauthn:extension:credBlob: true, webauthn:extension:largeBlob: true, webauthn:virtualAuthenticators: true}
Session ID: 9172d8e6ab1849211e8b163d890e5c03
*** Element info: {Using=xpath, value=//*[@id='realtor1']}]]>
            </message>
            <full-stacktrace>
              <![CDATA[org.openqa.selenium.NoSuchElementException: no such element: Unable to locate element: {"method":"xpath","selector":"//*[@id='realtor1']"}
  (Session info: chrome=92.0.4515.159)
For documentation on this error, please visit: https://www.seleniumhq.org/exceptions/no_such_element.html
Build info: version: '3.141.59', revision: 'e82be7d358', time: '2018-11-14T08:17:03'
System info: host: 'DESKTOP-P8JIU9Q', ip: '192.168.1.158', os.name: 'Windows 10', os.arch: 'amd64', os.version: '10.0', java.version: '1.8.0_281'
Driver info: org.openqa.selenium.chrome.ChromeDriver
Capabilities {acceptInsecureCerts: false, browserName: chrome, browserVersion: 92.0.4515.159, chrome: {chromedriverVersion: 92.0.4515.107 (87a818b10553..., userDataDir: C:\Users\parvi\AppData\Loca...}, goog:chromeOptions: {debuggerAddress: localhost:51806}, javascriptEnabled: true, networkConnectionEnabled: false, pageLoadStrategy: normal, platform: WINDOWS, platformName: WINDOWS, proxy: Proxy(), setWindowRect: true, strictFileInteractability: false, timeouts: {implicit: 0, pageLoad: 300000, script: 30000}, unhandledPromptBehavior: dismiss and notify, webauthn:extension:credBlob: true, webauthn:extension:largeBlob: true, webauthn:virtualAuthenticators: true}
Session ID: 9172d8e6ab1849211e8b163d890e5c03
*** Element info: {Using=xpath, value=//*[@id='realtor1']}
at sun.reflect.NativeConstructorAccessorImpl.newInstance0(Native Method)
at sun.reflect.NativeConstructorAccessorImpl.newInstance(NativeConstructorAccessorImpl.java:62)
at sun.reflect.DelegatingConstructorAccessorImpl.newInstance(DelegatingConstructorAccessorImpl.java:45)
at java.lang.reflect.Constructor.newInstance(Constructor.java:423)
at org.openqa.selenium.remote.http.W3CHttpResponseCodec.createException(W3CHttpResponseCodec.java:187)
at org.openqa.selenium.remote.http.W3CHttpResponseCodec.decode(W3CHttpResponseCodec.java:122)
at org.openqa.selenium.remote.http.W3CHttpResponseCodec.decode(W3CHttpResponseCodec.java:49)
at org.openqa.selenium.remote.HttpCommandExecutor.execute(HttpCommandExecutor.java:158)
at org.openqa.selenium.remote.service.DriverCommandExecutor.execute(DriverCommandExecutor.java:83)
at org.openqa.selenium.remote.RemoteWebDriver.execute(RemoteWebDriver.java:552)
at org.openqa.selenium.remote.RemoteWebDriver.findElement(RemoteWebDriver.java:323)
at org.openqa.selenium.remote.RemoteWebDriver.findElementByXPath(RemoteWebDriver.java:428)
at org.openqa.selenium.By$ByXPath.findElement(By.java:353)
at org.openqa.selenium.remote.RemoteWebDriver.findElement(RemoteWebDriver.java:315)
at org.openqa.selenium.support.pagefactory.DefaultElementLocator.findElement(DefaultElementLocator.java:69)
[...]
          <reporter-output>
          </reporter-output>
        </test-method> <!-- loginSetup -->
        <test-method status="FAIL" signature="EconsentWithNoCredetials()[pri:0, instance:tests.EconsentTests@50d0686]" name="EconsentWithNoCredetials" duration-ms="276" started-at="2021-08-24T04:13:11 EDT" finished-at="2021-08-24T04:13:11 EDT">
          <exception class="java.lang.AssertionError">
            <message>
              <![CDATA[expected [false] but found [true]]]>
            </message>
            <full-stacktrace>
              <![CDATA[java.lang.AssertionError: expected [false] but found [true]
at org.testng.Assert.fail(Assert.java:99)
at org.testng.Assert.failNotEquals(Assert.java:1037)
at org.testng.Assert.assertFalse(Assert.java:67)
at org.testng.Assert.assertFalse(Assert.java:77)
at tests.EconsentTests.EconsentWithNoCredetials(EconsentTests.java:62)
at sun.reflect.NativeMethodAccessorImpl.invoke0(Native Method)
at sun.reflect.NativeMethodAccessorImpl.invoke(NativeMethodAccessorImpl.java:62)
at sun.reflect.DelegatingMethodAccessorImpl.invoke(DelegatingMethodAccessorImpl.java:43)
at java.lang.reflect.Method.invoke(Method.java:498)
at org.testng.internal.MethodInvocationHelper.invokeMethod(MethodInvocationHelper.java:133)
at org.testng.internal.TestInvoker.invokeMethod(TestInvoker.java:598)
at org.testng.internal.TestInvoker.invokeTestMethod(TestInvoker.java:173)
at org.testng.internal.MethodRunner.runInSequence(MethodRunner.java:46)
at org.testng.internal.TestInvoker$MethodInvocationAgent.invoke(TestInvoker.java:824)
at org.testng.internal.TestInvoker.invokeTestMethods(TestInvoker.java:146)
at org.testng.internal.TestMethodWorker.invokeTestMethods(TestMethodWorker.java:146)
at org.testng.internal.TestMethodWorker.run(TestMethodWorker.java:128)
at java.util.concurrent.ThreadPoolExecutor.runWorker(ThreadPoolExecutor.java:1149)
at java.util.concurrent.ThreadPoolExecutor$Worker.run(ThreadPoolExecutor.java:624)
at java.lang.Thread.run(Thread.java:748)
]]>
            </full-stacktrace>
          </exception> <!-- java.lang.AssertionError -->
          <reporter-output>
          </reporter-output>
        </test-method> <!-- EconsentWithNoCredetials -->
        <test-method status="PASS" signature="tearDownMethod(org.testng.ITestResult)[pri:0, instance:tests.EconsentTests@50d0686]" name="tearDownMethod" is-config="true" duration-ms="1725" started-at="2021-08-24T04:13:11 EDT" finished-at="2021-08-24T04:13:13 EDT">
          <params>
            <param index="0">
              <value>
                <![CDATA[[TestResult name=EconsentWithNoCredetials status=FAILURE method=EconsentTests.EconsentWithNoCredetials()[pri:0, instance:tests.EconsentTests@50d0686] output={null}]]]>
              </value>
            </param>
          </params>
          <reporter-output>
          </reporter-output>
        </test-method> <!-- tearDownMethod -->
        <test-method status="PASS" signature="setupMethod(java.lang.String,java.lang.reflect.Method)[pri:0, instance:tests.EconsentTests@50d0686]" name="setupMethod" is-config="true" duration-ms="3913" started-at="2021-08-24T04:13:13 EDT" finished-at="2021-08-24T04:13:17 EDT">
          <params>
            <param index="0">
              <value is-null="true"/>
            </param>
            <param index="1">
              <value>
                <![CDATA[public void tests.EconsentTests.EconsentWithValidCredentials()]]>
              </value>
            </param>
          </params>
          <reporter-output>
          </reporter-output>
        </test-method> <!-- setupMethod -->
        <test-method status="PASS" signature="loginSetup()[pri:0, instance:tests.EconsentTests@50d0686]" name="loginSetup" is-config="true" duration-ms="8900" started-at="2021-08-24T04:13:17 EDT" finished-at="2021-08-24T04:13:25 EDT">
          <reporter-output>
          </reporter-output>
        </test-method> <!-- loginSetup -->
        <test-method status="PASS" signature="EconsentWithValidCredentials()[pri:0, instance:tests.EconsentTests@50d0686]" name="EconsentWithValidCredentials" duration-ms="840" started-at="2021-08-24T04:13:25 EDT" finished-at="2021-08-24T04:13:26 EDT">
          <reporter-output>
          </reporter-output>
        </test-method> <!-- EconsentWithValidCredentials -->
        <test-method status="PASS" signature="tearDownMethod(org.testng.ITestResult)[pri:0, instance:tests.EconsentTests@50d0686]" name="tearDownMethod" is-config="true" duration-ms="688" started-at="2021-08-24T04:13:26 EDT" finished-at="2021-08-24T04:13:27 EDT">
          <params>
            <param index="0">
              <value>
                <![CDATA[[TestResult name=EconsentWithValidCredentials status=SUCCESS method=EconsentTests.EconsentWithValidCredentials()[pri:0, instance:tests.EconsentTests@50d0686] output={null}]]]>
              </value>
            </param>
          </params>
          <reporter-output>
          </reporter-output>
        </test-method> <!-- tearDownMethod -->
      </class> <!-- tests.EconsentTests -->
      <class name="tests.PreApprovalDetailsTests">
        <test-method status="PASS" signature="setupMethod(java.lang.String,java.lang.reflect.Method)[pri:0, instance:tests.PreApprovalDetailsTests@2698dc7]" name="setupMethod" is-config="true" duration-ms="8185" started-at="2021-08-24T04:11:56 EDT" finished-at="2021-08-24T04:12:04 EDT">
          <params>
            <param index="0">
              <value is-null="true"/>
            </param>
            <param index="1">
              <value>
                <![CDATA[public void tests.PreApprovalDetailsTests.negativeTestPreApprovalDetailsWithoutData()]]>
              </value>
            </param>
          </params>
          <reporter-output>
          </reporter-output>
        </test-method> <!-- setupMethod -->
        <test-method status="PASS" signature="preApprovalTestsSetup()[pri:0, instance:tests.PreApprovalDetailsTests@2698dc7]" name="preApprovalTestsSetup" is-config="true" duration-ms="15523" started-at="2021-08-24T04:12:04 EDT" finished-at="2021-08-24T04:12:19 EDT">
          <reporter-output>
          </reporter-output>
        </test-method> <!-- preApprovalTestsSetup -->
        <test-method status="PASS" signature="negativeTestPreApprovalDetailsWithoutData()[pri:0, instance:tests.PreApprovalDetailsTests@2698dc7]" name="negativeTestPreApprovalDetailsWithoutData" duration-ms="2867" started-at="2021-08-24T04:12:19 EDT" finished-at="2021-08-24T04:12:22 EDT">
          <reporter-output>
          </reporter-output>
        </test-method> <!-- negativeTestPreApprovalDetailsWithoutData -->
        <test-method status="PASS" signature="tearDownMethod(org.testng.ITestResult)[pri:0, instance:tests.PreApprovalDetailsTests@2698dc7]" name="tearDownMethod" is-config="true" duration-ms="4045" started-at="2021-08-24T04:12:22 EDT" finished-at="2021-08-24T04:12:26 EDT">
          <params>
            <param index="0">
              <value>
                <![CDATA[[TestResult name=negativeTestPreApprovalDetailsWithoutData status=SUCCESS method=PreApprovalDetailsTests.negativeTestPreApprovalDetailsWithoutData()[pri:0, instance:tests.PreApprovalDetailsTests@2698dc7] output={null}]]]>
              </value>
            </param>
          </params>
          <reporter-output>
          </reporter-output>
        </test-method> <!-- tearDownMethod -->
        <test-method status="PASS" signature="setupMethod(java.lang.String,java.lang.reflect.Method)[pri:0, instance:tests.PreApprovalDetailsTests@2698dc7]" name="setupMethod" is-config="true" duration-ms="8787" started-at="2021-08-24T04:12:26 EDT" finished-at="2021-08-24T04:12:35 EDT">
          <params>
            <param index="0">
              <value is-null="true"/>
            </param>
            <param index="1">
              <value>
                <![CDATA[public void tests.PreApprovalDetailsTests.positiveTestPreApprovalDetails()]]>
              </value>
            </param>
          </params>
          <reporter-output>
          </reporter-output>
        </test-method> <!-- setupMethod -->
        <test-method status="PASS" signature="preApprovalTestsSetup()[pri:0, instance:tests.PreApprovalDetailsTests@2698dc7]" name="preApprovalTestsSetup" is-config="true" duration-ms="7409" started-at="2021-08-24T04:12:35 EDT" finished-at="2021-08-24T04:12:42 EDT">
          <reporter-output>
          </reporter-output>
        </test-method> <!-- preApprovalTestsSetup -->
        <test-method status="PASS" signature="positiveTestPreApprovalDetails()[pri:0, instance:tests.PreApprovalDetailsTests@2698dc7]" name="positiveTestPreApprovalDetails" duration-ms="3698" started-at="2021-08-24T04:12:42 EDT" finished-at="2021-08-24T04:12:46 EDT">
          <reporter-output>
          </reporter-output>
        </test-method> <!-- positiveTestPreApprovalDetails -->
        <test-method status="PASS" signature="tearDownMethod(org.testng.ITestResult)[pri:0, instance:tests.PreApprovalDetailsTests@2698dc7]" name="tearDownMethod" is-config="true" duration-ms="1817" started-at="2021-08-24T04:12:46 EDT" finished-at="2021-08-24T04:12:48 EDT">
          <params>
            <param index="0">
              <value>
                <![CDATA[[TestResult name=positiveTestPreApprovalDetails status=SUCCESS method=PreApprovalDetailsTests.positiveTestPreApprovalDetails()[pri:0, instance:tests.PreApprovalDetailsTests@2698dc7] output={null}]]]>
              </value>
            </param>
          </params>
          <reporter-output>
          </reporter-output>
        </test-method> <!-- tearDownMethod -->
      </class> <!-- tests.PreApprovalDetailsTests -->
      <class name="tests.EmploymentAndIncomeTests">
        <test-method status="PASS" signature="setupMethod(java.lang.String,java.lang.reflect.Method)[pri:0, instance:tests.EmploymentAndIncomeTests@1e7c7811]" name="setupMethod" is-config="true" duration-ms="5582" started-at="2021-08-24T04:11:56 EDT" finished-at="2021-08-24T04:12:01 EDT">
          <params>
            <param index="0">
              <value is-null="true"/>
            </param>
            <param index="1">
              <value>
                <![CDATA[public void tests.EmploymentAndIncomeTests.verifyWithNoCredentials()]]>
              </value>
            </param>
          </params>
          <reporter-output>
          </reporter-output>
        </test-method> <!-- setupMethod -->
        <test-method status="PASS" signature="loginSetup()[pri:0, instance:tests.EmploymentAndIncomeTests@1e7c7811]" name="loginSetup" is-config="true" duration-ms="30118" started-at="2021-08-24T04:12:01 EDT" finished-at="2021-08-24T04:12:31 EDT">
          <reporter-output>
          </reporter-output>
        </test-method> <!-- loginSetup -->
        <test-method status="FAIL" signature="verifyWithNoCredentials()[pri:0, instance:tests.EmploymentAndIncomeTests@1e7c7811]" name="verifyWithNoCredentials" duration-ms="14991" started-at="2021-08-24T04:12:31 EDT" finished-at="2021-08-24T04:12:46 EDT">
          <exception class="org.openqa.selenium.NoSuchElementException">
            <message>
              <![CDATA[no such element: Unable to locate element: {"method":"xpath","selector":"//a[@id='steps-uid-0-t-4']//span[.='current step: ']"}
  (Session info: chrome=92.0.4515.159)
For documentation on this error, please visit: https://www.seleniumhq.org/exceptions/no_such_element.html
Build info: version: '3.141.59', revision: 'e82be7d358', time: '2018-11-14T08:17:03'
System info: host: 'DESKTOP-P8JIU9Q', ip: '192.168.1.158', os.name: 'Windows 10', os.arch: 'amd64', os.version: '10.0', java.version: '1.8.0_281'
Driver info: org.openqa.selenium.chrome.ChromeDriver
Capabilities {acceptInsecureCerts: false, browserName: chrome, browserVersion: 92.0.4515.159, chrome: {chromedriverVersion: 92.0.4515.107 (87a818b10553..., userDataDir: C:\Users\parvi\AppData\Loca...}, goog:chromeOptions: {debuggerAddress: localhost:57791}, javascriptEnabled: true, networkConnectionEnabled: false, pageLoadStrategy: normal, platform: WINDOWS, platformName: WINDOWS, proxy: Proxy(), setWindowRect: true, strictFileInteractability: false, timeouts: {implicit: 0, pageLoad: 300000, script: 30000}, unhandledPromptBehavior: dismiss and notify, webauthn:extension:credBlob: true, webauthn:extension:largeBlob: true, webauthn:virtualAuthenticators: true}
Session ID: 7988a813cc635a189c156ab6039625f6
*** Element info: {Using=xpath, value=//a[@id='steps-uid-0-t-4']//span[.='current step: ']}]]>
            </message>
            <full-stacktrace>
              <![CDATA[org.openqa.selenium.NoSuchElementException: no such element: Unable to locate element: {"method":"xpath","selector":"//a[@id='steps-uid-0-t-4']//span[.='current step: ']"}
  (Session info: chrome=92.0.4515.159)
For documentation on this error, please visit: https://www.seleniumhq.org/exceptions/no_such_element.html
Build info: version: '3.141.59', revision: 'e82be7d358', time: '2018-11-14T08:17:03'
System info: host: 'DESKTOP-P8JIU9Q', ip: '192.168.1.158', os.name: 'Windows 10', os.arch: 'amd64', os.version: '10.0', java.version: '1.8.0_281'
Driver info: org.openqa.selenium.chrome.ChromeDriver
Capabilities {acceptInsecureCerts: false, browserName: chrome, browserVersion: 92.0.4515.159, chrome: {chromedriverVersion: 92.0.4515.107 (87a818b10553..., userDataDir: C:\Users\parvi\AppData\Loca...}, goog:chromeOptions: {debuggerAddress: localhost:57791}, javascriptEnabled: true, networkConnectionEnabled: false, pageLoadStrategy: normal, platform: WINDOWS, platformName: WINDOWS, proxy: Proxy(), setWindowRect: true, strictFileInteractability: false, timeouts: {implicit: 0, pageLoad: 300000, script: 30000}, unhandledPromptBehavior: dismiss and notify, webauthn:extension:credBlob: true, webauthn:extension:largeBlob: true, webauthn:virtualAuthenticators: true}
Session ID: 7988a813cc635a189c156ab6039625f6
*** Element info: {Using=xpath, value=//a[@id='steps-uid-0-t-4']//span[.='current step: ']}
at sun.reflect.NativeConstructorAccessorImpl.newInstance0(Native Method)
at sun.reflect.NativeConstructorAccessorImpl.newInstance(NativeConstructorAccessorImpl.java:62)
at sun.reflect.DelegatingConstructorAccessorImpl.newInstance(DelegatingConstructorAccessorImpl.java:45)
at java.lang.reflect.Constructor.newInstance(Constructor.java:423)
at org.openqa.selenium.remote.http.W3CHttpResponseCodec.createException(W3CHttpResponseCodec.java:187)
at org.openqa.selenium.remote.http.W3CHttpResponseCodec.decode(W3CHttpResponseCodec.java:122)
at org.openqa.selenium.remote.http.W3CHttpResponseCodec.decode(W3CHttpResponseCodec.java:49)
at org.openqa.selenium.remote.HttpCommandExecutor.execute(HttpCommandExecutor.java:158)
at org.openqa.selenium.remote.service.DriverCommandExecutor.execute(DriverCommandExecutor.java:83)
at org.openqa.selenium.remote.RemoteWebDriver.execute(RemoteWebDriver.java:552)
at org.openqa.selenium.remote.RemoteWebDriver.findElement(RemoteWebDriver.java:323)
at org.openqa.selenium.remote.RemoteWebDriver.findElementByXPath(RemoteWebDriver.java:428)
at org.openqa.selenium.By$ByXPath.findElement(By.java:353)
at org.openqa.selenium.remote.RemoteWebDriver.findElement(RemoteWebDriver.java:315)
at tests.EmploymentAndIncomeTests.verifyWithNoCredentials(EmploymentAndIncomeTests.java:63)
at sun.reflect.NativeMethodAccessorImpl.invoke0(Native Method)
at sun.reflect.NativeMethodAccessorImpl.invoke(NativeMethodAccessorImpl.java:62)
at sun.reflect.DelegatingMethodAccessorImpl.invoke(DelegatingMethodAccessorImpl.java:43)
at java.lang.reflect.Method.invoke(Method.java:498)
at org.testng.internal.MethodInvocationHelper.invokeMethod(MethodInvocationHelper.java:133)
at org.testng.internal.TestInvoker.invokeMethod(TestInvoker.java:598)
at org.testng.internal.TestInvoker.invokeTestMethod(TestInvoker.java:173)
at org.testng.internal.MethodRunner.runInSequence(MethodRunner.java:46)
at org.testng.internal.TestInvoker$MethodInvocationAgent.invoke(TestInvoker.java:824)
at org.testng.internal.TestInvoker.invokeTestMethods(TestInvoker.java:146)
at org.testng.internal.TestMethodWorker.invokeTestMethods(TestMethodWorker.java:146)
at org.testng.internal.TestMethodWorker.run(TestMethodWorker.java:128)
at java.util.concurrent.ThreadPoolExecutor.runWorker(ThreadPoolExecutor.java:1149)
at java.util.concurrent.ThreadPoolExecutor$Worker.run(ThreadPoolExecutor.java:624)
at java.lang.Thread.run(Thread.java:748)
]]>
            </full-stacktrace>
          </exception> <!-- org.openqa.selenium.NoSuchElementException -->
          <reporter-output>
          </reporter-output>
        </test-method> <!-- verifyWithNoCredentials -->
        <test-method status="PASS" signature="tearDownMethod(org.testng.ITestResult)[pri:0, instance:tests.EmploymentAndIncomeTests@1e7c7811]" name="tearDownMethod" is-config="true" duration-ms="7357" started-at="2021-08-24T04:12:46 EDT" finished-at="2021-08-24T04:12:54 EDT">
          <params>
            <param index="0">
              <value>
                <![CDATA[[TestResult name=verifyWithNoCredentials status=FAILURE method=EmploymentAndIncomeTests.verifyWithNoCredentials()[pri:0, instance:tests.EmploymentAndIncomeTests@1e7c7811] output={null}]]]>
              </value>
            </param>
          </params>
          <reporter-output>
          </reporter-output>
        </test-method> <!-- tearDownMethod -->
        <test-method status="PASS" signature="setupMethod(java.lang.String,java.lang.reflect.Method)[pri:0, instance:tests.EmploymentAndIncomeTests@1e7c7811]" name="setupMethod" is-config="true" duration-ms="5139" started-at="2021-08-24T04:12:54 EDT" finished-at="2021-08-24T04:12:59 EDT">
          <params>
            <param index="0">
              <value is-null="true"/>
            </param>
            <param index="1">
              <value>
                <![CDATA[public void tests.EmploymentAndIncomeTests.verifyWithValidDataEmploymentAndIncome()]]>
              </value>
            </param>
          </params>
          <reporter-output>
          </reporter-output>
        </test-method> <!-- setupMethod -->
        <test-method status="PASS" signature="loginSetup()[pri:0, instance:tests.EmploymentAndIncomeTests@1e7c7811]" name="loginSetup" is-config="true" duration-ms="12425" started-at="2021-08-24T04:12:59 EDT" finished-at="2021-08-24T04:13:11 EDT">
          <reporter-output>
          </reporter-output>
        </test-method> <!-- loginSetup -->
        <test-method status="PASS" signature="verifyWithValidDataEmploymentAndIncome()[pri:0, instance:tests.EmploymentAndIncomeTests@1e7c7811]" name="verifyWithValidDataEmploymentAndIncome" duration-ms="2028" started-at="2021-08-24T04:13:11 EDT" finished-at="2021-08-24T04:13:13 EDT">
          <reporter-output>
          </reporter-output>
        </test-method> <!-- verifyWithValidDataEmploymentAndIncome -->
        <test-method status="PASS" signature="tearDownMethod(org.testng.ITestResult)[pri:0, instance:tests.EmploymentAndIncomeTests@1e7c7811]" name="tearDownMethod" is-config="true" duration-ms="1283" started-at="2021-08-24T04:13:13 EDT" finished-at="2021-08-24T04:13:15 EDT">
          <params>
            <param index="0">
              <value>
                <![CDATA[[TestResult name=verifyWithValidDataEmploymentAndIncome status=SUCCESS method=EmploymentAndIncomeTests.verifyWithValidDataEmploymentAndIncome()[pri:0, instance:tests.EmploymentAndIncomeTests@1e7c7811] output={null}]]]>
              </value>
            </param>
          </params>
          <reporter-output>
          </reporter-output>
        </test-method> <!-- tearDownMethod -->
      </class> <!-- tests.EmploymentAndIncomeTests -->
    </test> <!-- Sprint 2 Parallel Classes -->
  </suite> <!-- Sprint 2 Parallel Test Suite -->
</testng-results>
