<?xml version="1.0" encoding="UTF-8"?>
<testng-results ignored="0" total="1" passed="1" failed="0" skipped="0">
  <reporter-output>
  </reporter-output>
  <suite started-at="2021-09-02T05:09:10 EDT" name="Sprint 3 Database Test Suite" finished-at="2021-09-02T05:09:17 EDT" duration-ms="7542">
    <groups>
    </groups>
    <test started-at="2021-09-02T05:09:10 EDT" name="Sprint 3 Database Tests" finished-at="2021-09-02T05:09:17 EDT" duration-ms="7542">
      <class name="dbtests.LoginTest">
        <test-method is-config="true" signature="setupReport()[pri:0, instance:dbtests.LoginTest@a4102b8]" started-at="2021-09-02T05:09:10 EDT" name="setupReport" finished-at="2021-09-02T05:09:10 EDT" duration-ms="239" status="PASS">
          <reporter-output>
          </reporter-output>
        </test-method> <!-- setupReport -->
        <test-method is-config="true" signature="setupMethod(java.lang.String,java.lang.reflect.Method)[pri:0, instance:dbtests.LoginTest@a4102b8]" started-at="2021-09-02T05:09:10 EDT" name="setupMethod" finished-at="2021-09-02T05:09:15 EDT" duration-ms="4947" status="PASS">
          <params>
            <param index="0">
              <value is-null="true"/>
            </param>
            <param index="1">
              <value>
                <![CDATA[public void dbtests.LoginTest.verifyUserSignUpFlowFromDatabaseToUI() throws java.sql.SQLException]]>
              </value>
            </param>
          </params>
          <reporter-output>
          </reporter-output>
        </test-method> <!-- setupMethod -->
        <test-method signature="verifyUserSignUpFlowFromDatabaseToUI()[pri:0, instance:dbtests.LoginTest@a4102b8]" started-at="2021-09-02T05:09:15 EDT" name="verifyUserSignUpFlowFromDatabaseToUI" finished-at="2021-09-02T05:09:17 EDT" duration-ms="2399" status="PASS">
          <reporter-output>
          </reporter-output>
        </test-method> <!-- verifyUserSignUpFlowFromDatabaseToUI -->
        <test-method is-config="true" signature="tearDownMethod(org.testng.ITestResult)[pri:0, instance:dbtests.LoginTest@a4102b8]" started-at="2021-09-02T05:09:17 EDT" name="tearDownMethod" finished-at="2021-09-02T05:09:17 EDT" duration-ms="173" status="PASS">
          <params>
            <param index="0">
              <value>
                <![CDATA[[TestResult name=verifyUserSignUpFlowFromDatabaseToUI status=SUCCESS method=LoginTest.verifyUserSignUpFlowFromDatabaseToUI()[pri:0, instance:dbtests.LoginTest@a4102b8] output={null}]]]>
              </value>
            </param>
          </params>
          <reporter-output>
          </reporter-output>
        </test-method> <!-- tearDownMethod -->
        <test-method is-config="true" signature="tearDownReport()[pri:0, instance:dbtests.LoginTest@a4102b8]" started-at="2021-09-02T05:09:17 EDT" name="tearDownReport" finished-at="2021-09-02T05:09:18 EDT" duration-ms="355" status="PASS">
          <reporter-output>
          </reporter-output>
        </test-method> <!-- tearDownReport -->
      </class> <!-- dbtests.LoginTest -->
    </test> <!-- Sprint 3 Database Tests -->
  </suite> <!-- Sprint 3 Database Test Suite -->
</testng-results>
