<?xml version="1.0" encoding="UTF-8"?>
<!-- Generated by org.testng.reporters.JUnitXMLReporter -->
<testsuite hostname="DESKTOP-P8JIU9Q" ignored="7" name="duo-bank-project" tests="5" failures="0" timestamp="2021-08-13T00:58:55 EDT" time="19.948" errors="0">
  <testcase name="appHealthCheck" time="0.037" classname="tests.LoginTests"/>
  <testcase name="loginWithValidCredentials" time="1.683" classname="tests.LoginTests"/>
  <testcase name="signUpWithFaker" time="1.175" classname="tests.SignUpTests"/>
  <testcase name="signUpWithWrongEmailInput" time="0.688" classname="tests.SignUpTests"/>
  <testcase name="signUpWithoutData" time="0.316" classname="tests.SignUpTests"/>
  <testcase name="loginWithInvalidPassword" time="0.0" classname="tests.LoginTests">
    <ignored/>
  </testcase> <!-- loginWithInvalidPassword -->
  <testcase name="verifyWithValidCredentials" time="0.0" classname="tests.PersonalInformationTests">
    <ignored/>
  </testcase> <!-- verifyWithValidCredentials -->
  <testcase name="loginWithNoCredentials" time="0.0" classname="tests.LoginTests">
    <ignored/>
  </testcase> <!-- loginWithNoCredentials -->
  <testcase name="verifyWithNoCredentials" time="0.0" classname="tests.PersonalInformationTests">
    <ignored/>
  </testcase> <!-- verifyWithNoCredentials -->
  <testcase name="positiveTestPreApprovalDetails" time="0.0" classname="tests.PreApprovalDetailsTests">
    <ignored/>
  </testcase> <!-- positiveTestPreApprovalDetails -->
  <testcase name="loginWithInvalidUsername" time="0.0" classname="tests.LoginTests">
    <ignored/>
  </testcase> <!-- loginWithInvalidUsername -->
  <testcase name="negativeTestPreApprovalDetailsWithoutData" time="0.0" classname="tests.PreApprovalDetailsTests">
    <ignored/>
  </testcase> <!-- negativeTestPreApprovalDetailsWithoutData -->
</testsuite> <!-- duo-bank-project -->
