<?xml version="1.0" encoding="UTF-8"?>
<!-- Generated by org.testng.reporters.JUnitXMLReporter -->
<testsuite hostname="DESKTOP-P8JIU9Q" ignored="0" name="Edge Tests" tests="14" failures="1" timestamp="2021-08-17T13:49:23 EDT" time="97.078" errors="0">
  <testcase name="appHealthCheck" time="0.01" classname="tests.LoginTests"/>
  <testcase name="loginWithInvalidPassword" time="0.559" classname="tests.LoginTests"/>
  <testcase name="loginWithInvalidUsername" time="0.664" classname="tests.LoginTests"/>
  <testcase name="loginWithNoCredentials" time="0.146" classname="tests.LoginTests"/>
  <testcase name="loginWithValidCredentials" time="2.131" classname="tests.LoginTests"/>
  <testcase name="verifyWithNoCredentials" time="0.474" classname="tests.PersonalInformationTests">
    <failure type="java.lang.AssertionError" message="Date of birth field is not mandotary. expected [true] but found [false]">
      <![CDATA[java.lang.AssertionError: Date of birth field is not mandotary. expected [true] but found [false]
at tests.PersonalInformationTests.verifyWithNoCredentials(PersonalInformationTests.java:76)
at java.util.ArrayList.forEach(ArrayList.java:1259)
... Removed 34 stack frames]]>
    </failure>
  </testcase> <!-- verifyWithNoCredentials -->
  <testcase name="verifyWithValidCredentials" time="3.103" classname="tests.PersonalInformationTests"/>
  <testcase name="verifyWithValidCredentials" time="3.363" classname="tests.PersonalInformationTests"/>
  <testcase name="verifyWithValidCredentials" time="3.304" classname="tests.PersonalInformationTests"/>
  <testcase name="negativeTestPreApprovalDetailsWithoutData" time="0.693" classname="tests.PreApprovalDetailsTests"/>
  <testcase name="positiveTestPreApprovalDetails" time="1.437" classname="tests.PreApprovalDetailsTests"/>
  <testcase name="signUpWithFaker" time="1.113" classname="tests.SignUpTests"/>
  <testcase name="signUpWithWrongEmailInput" time="0.616" classname="tests.SignUpTests"/>
  <testcase name="signUpWithoutData" time="0.237" classname="tests.SignUpTests"/>
</testsuite> <!-- Edge Tests -->
